<ShowPlanXML xmlns="http://schemas.microsoft.com/sqlserver/2004/07/showplan" Version="1.5" Build="13.0.1742.0"><BatchSequence><Batch><Statements><StmtSimple StatementText="INSERT INTO dbo.CRM_DoanhSoThucChay_TongHop&#xd;&#xa;&#x9;SELECT &#xd;&#xa;&#x9;dsc.NgayThucHien,&#xd;&#xa;&#x9;nhpl.LoaiNhanHang,&#xd;&#xa;&#x9;dsc.DmNhanHangREF,&#xd;&#xa;&#x9;dnh.DmNghanhHangREF,&#xd;&#xa;&#x9;dsc.HopDongID,&#xd;&#xa;&#x9;dsc.SoHopDong,&#xd;&#xa;&#x9;dsc.NgayDanhSo,&#xd;&#xa;&#x9;dsc.DmNhanVienREF,&#xd;&#xa;&#x9;dsc.PhongBanREF,&#xd;&#xa;&#x9;dsc.BoPhanREF,&#xd;&#xa;&#x9;dsc.NhomREF,&#xd;&#xa;&#x9;dsc.DmKhachHangREF,&#xd;&#xa;&#x9;khttc.DmHinhThucKhachHangREF,&#xd;&#xa;&#x9;khttc.DmLoaiKhachHang,&#xd;&#xa;&#x9;hdct.DmLoaiREF,&#xd;&#xa;&#x9;dsc.DmSanPhamREF,&#xd;&#xa;&#x9;SUM(dsc.ThucThuPhatSinhTrongKy) DoanhSo,&#xd;&#xa;&#x9;dsc.TenDangNhap&#xd;&#xa;&#x9;FROM DoanhSoThucChayNhanHangCore  dsc &#xd;&#xa;&#x9;INNER JOIN dbo.NhanHangPhanLoai nhpl&#xd;&#xa;&#x9;ON dsc.DmNhanHangREF = nhpl.DmNhanHangREF &#xd;&#xa;&#x9;INNER JOIN DmNhanHang dnh &#xd;&#xa;&#x9;ON dsc.DmNhanHangREF = dnh.DmNhanHangID&#xd;&#xa;&#x9;INNER JOIN KhachHangThongTinChung khttc&#xd;&#xa;&#x9;ON dsc.DmKhachHangREF = khttc.KhachHangThongTinChungID&#xd;&#xa;&#x9;INNER JOIN DmSanPham dsp&#xd;&#xa;&#x9;ON dsc.DmSanPhamREF = dsp.DmSanPhamID&#xd;&#xa;&#x9;INNER JOIN HopDongChiTiet hdct &#xd;&#xa;&#x9;ON dsc.HopDongChiTietREF = hdct.HopDongChiTietID&#xd;&#xa;&#x9;WHERE nhpl.DeletedStatus = 0 AND dnh.DeletedStatus = 0 AND khttc.DeletedStatus = 0 AND dsp.DeletedStatus =0&#xd;&#xa;&#x9;GROUP BY&#xd;&#xa;&#x9;dsc.NgayThucHien,&#xd;&#xa;&#x9;nhpl.LoaiNhanHang,&#xd;&#xa;&#x9;dsc.DmNhanHangREF,&#xd;&#xa;&#x9;dnh.DmNghanhHangREF,&#xd;&#xa;&#x9;dsc.HopDongID,&#xd;&#xa;&#x9;dsc.SoHopDong,&#xd;&#xa;&#x9;dsc.NgayDanhSo,&#xd;&#xa;&#x9;dsc.DmNhanVienREF,&#xd;&#xa;&#x9;dsc.PhongBanREF,&#xd;&#xa;&#x9;dsc.BoPhanREF,&#xd;&#xa;&#x9;dsc.NhomREF,&#xd;&#xa;&#x9;dsc.DmKhachHangREF,&#xd;&#xa;&#x9;khttc.DmHinhThucKhachHangREF,&#xd;&#xa;&#x9;khttc.DmLoaiKhachHang,&#xd;&#xa;&#x9;hdct.DmLoaiREF,&#xd;&#xa;&#x9;dsc.DmSanPhamREF,&#xd;&#xa;&#x9;dsc.TenDangNhap" StatementId="1" StatementCompId="7" StatementType="INSERT" StatementSqlHandle="0x090013AF35476C030BBD380652513E213F8D0000000000000000000000000000000000000000000000000000" DatabaseContextSettingsId="1" ParentObjectId="869890466" StatementParameterizationType="0" RetrievedFromCache="false" StatementSubTreeCost="745.966" StatementEstRows="2.70271e+006" SecurityPolicyApplied="false" StatementOptmLevel="FULL" QueryHash="0x84F4A8DE0D6171B5" QueryPlanHash="0xF5AD964F26DA873D" CardinalityEstimationModelVersion="130"><StatementSetOptions QUOTED_IDENTIFIER="false" ARITHABORT="false" CONCAT_NULL_YIELDS_NULL="true" ANSI_NULLS="true" ANSI_PADDING="true" ANSI_WARNINGS="true" NUMERIC_ROUNDABORT="false"></StatementSetOptions><QueryPlan CachedPlanSize="352" CompileTime="622" CompileCPU="445" CompileMemory="5600"><ThreadStat Branches="6"></ThreadStat><Warnings><PlanAffectingConvert ConvertIssue="Cardinality Estimate" Expression="CONVERT_IMPLICIT(int,[dnh].[DmNghanhHangREF],0)"></PlanAffectingConvert></Warnings><MemoryGrantInfo SerialRequiredMemory="5632" SerialDesiredMemory="1087144"></MemoryGrantInfo><OptimizerHardwareDependentProperties EstimatedAvailableMemoryGrant="170726" EstimatedPagesCached="170726" EstimatedAvailableDegreeOfParallelism="8"></OptimizerHardwareDependentProperties><RelOp NodeId="0" PhysicalOp="Clustered Index Insert" LogicalOp="Insert" EstimateRows="2.70271e+006" EstimateIO="278.653" EstimateCPU="2.70271" AvgRowSize="9" EstimatedTotalSubtreeCost="745.966" Parallel="0" EstimateRebinds="0" EstimateRewinds="0" EstimatedExecutionMode="Row"><OutputList></OutputList><Update WithOrderedPrefetch="1" DMLRequestSort="1"><Object Database="[ABM_Data_Release]" Schema="[dbo]" Table="[CRM_DoanhSoThucChay_TongHop]" Index="[PK_CRM_DoanhSoThucChay_TongHop]" IndexKind="Clustered" Storage="RowStore"></Object><SetPredicate><ScalarOperator ScalarString="[ABM_Data_Release].[dbo].[CRM_DoanhSoThucChay_TongHop].[NgayThucHien] = RaiseIfNullInsert([ABM_Data_Release].[dbo].[DoanhSoThucChayNhanHangCore].[NgayThucHien] as [dsc].[NgayThucHien]),[ABM_Data_Release].[dbo].[CRM_DoanhSoThucChay_TongHop].[DmLoaiNhanHangREF] = [Expr1011],[ABM_Data_Release].[dbo].[CRM_DoanhSoThucChay_TongHop].[DmNhanHangREF] = [ABM_Data_Release].[dbo].[DoanhSoThucChayNhanHangCore].[DmNhanHangREF] as [dsc].[DmNhanHangREF],[ABM_Data_Release].[dbo].[CRM_DoanhSoThucChay_TongHop].[DmNganhHangREF] = [Expr1012],[ABM_Data_Release].[dbo].[CRM_DoanhSoThucChay_TongHop].[HopDongID] = RaiseIfNullInsert([ABM_Data_Release].[dbo].[DoanhSoThucChayNhanHangCore].[HopDongID] as [dsc].[HopDongID]),[ABM_Data_Release].[dbo].[CRM_DoanhSoThucChay_TongHop].[SoHopDong] = [ABM_Data_Release].[dbo].[DoanhSoThucChayNhanHangCore].[SoHopDong] as [dsc].[SoHopDong],[ABM_Data_Release].[dbo].[CRM_DoanhSoThucChay_TongHop].[NgayDanhSo] = [Expr1013],[ABM_Data_Release].[dbo].[CRM_DoanhSoThucChay_TongHop].[DmNhanVienREF] = [ABM_Data_Release].[dbo].[DoanhSoThucChayNhanHangCore].[DmNhanVienREF] as [dsc].[DmNhanVienREF],[ABM_Data_Release].[dbo].[CRM_DoanhSoThucChay_TongHop].[PhongBanREF] = [ABM_Data_Release].[dbo].[DoanhSoThucChayNhanHangCore].[PhongBanREF] as [dsc].[PhongBanREF],[ABM_Data_Release].[dbo].[CRM_DoanhSoThucChay_TongHop].[BoPhanREF] = [ABM_Data_Release].[dbo].[DoanhSoThucChayNhanHangCore].[BoPhanREF] as [dsc].[BoPhanREF],[ABM_Data_Release].[dbo].[CRM_DoanhSoThucChay_TongHop].[NhomREF] = [ABM_Data_Release].[dbo].[DoanhSoThucChayNhanHangCore].[NhomREF] as [dsc].[NhomREF],[ABM_Data_Release].[dbo].[CRM_DoanhSoThucChay_TongHop].[DmKhachHangREF] = [ABM_Data_Release].[dbo].[DoanhSoThucChayNhanHangCore].[DmKhachHangREF] as [dsc].[DmKhachHangREF],[ABM_Data_Release].[dbo].[CRM_DoanhSoThucChay_TongHop].[DmHinhThucKhachHangREF] = [ABM_Data_Release].[dbo].[KhachHangThongTinChung].[DmHinhThucKhachHangREF] as [khttc].[DmHinhThucKhachHangREF],[ABM_Data_Release].[dbo].[CRM_DoanhSoThucChay_TongHop].[DmLoaiKhachHangREF] = [Expr1014],[ABM_Data_Release].[dbo].[CRM_DoanhSoThucChay_TongHop].[DmNhomSanPhamREF] = [ABM_Data_Release].[dbo].[HopDongChiTiet].[DmLoaiREF] as [hdct].[DmLoaiREF],[ABM_Data_Release].[dbo].[CRM_DoanhSoThucChay_TongHop].[DmSanPhamREF] = [ABM_Data_Release].[dbo].[DoanhSoThucChayNhanHangCore].[DmSanPhamREF] as [dsc].[DmSanPhamREF],[ABM_Data_Release].[dbo].[CRM_DoanhSoThucChay_TongHop].[DoanhSo] = [Expr1009],[ABM_Data_Release].[dbo].[CRM_DoanhSoThucChay_TongHop].[TenDangNhap] = [Expr1015],[ABM_Data_Release].[dbo].[CRM_DoanhSoThucChay_TongHop].[CRM_DoanhSoThucChay_TongHopID] = [Expr1010]"><ScalarExpressionList><ScalarOperator><MultipleAssign><Assign><ColumnReference Database="[ABM_Data_Release]" Schema="[dbo]" Table="[CRM_DoanhSoThucChay_TongHop]" Column="NgayThucHien"></ColumnReference><ScalarOperator><Intrinsic FunctionName="RaiseIfNullInsert"><ScalarOperator><Identifier><ColumnReference Database="[ABM_Data_Release]" Schema="[dbo]" Table="[DoanhSoThucChayNhanHangCore]" Alias="[dsc]" Column="NgayThucHien"></ColumnReference></Identifier></ScalarOperator></Intrinsic></ScalarOperator></Assign><Assign><ColumnReference Database="[ABM_Data_Release]" Schema="[dbo]" Table="[CRM_DoanhSoThucChay_TongHop]" Column="DmLoaiNhanHangREF"></ColumnReference><ScalarOperator><Identifier><ColumnReference Column="Expr1011"></ColumnReference></Identifier></ScalarOperator></Assign><Assign><ColumnReference Database="[ABM_Data_Release]" Schema="[dbo]" Table="[CRM_DoanhSoThucChay_TongHop]" Column="DmNhanHangREF"></ColumnReference><ScalarOperator><Identifier><ColumnReference Database="[ABM_Data_Release]" Schema="[dbo]" Table="[DoanhSoThucChayNhanHangCore]" Alias="[dsc]" Column="DmNhanHangREF"></ColumnReference></Identifier></ScalarOperator></Assign><Assign><ColumnReference Database="[ABM_Data_Release]" Schema="[dbo]" Table="[CRM_DoanhSoThucChay_TongHop]" Column="DmNganhHangREF"></ColumnReference><ScalarOperator><Identifier><ColumnReference Column="Expr1012"></ColumnReference></Identifier></ScalarOperator></Assign><Assign><ColumnReference Database="[ABM_Data_Release]" Schema="[dbo]" Table="[CRM_DoanhSoThucChay_TongHop]" Column="HopDongID"></ColumnReference><ScalarOperator><Intrinsic FunctionName="RaiseIfNullInsert"><ScalarOperator><Identifier><ColumnReference Database="[ABM_Data_Release]" Schema="[dbo]" Table="[DoanhSoThucChayNhanHangCore]" Alias="[dsc]" Column="HopDongID"></ColumnReference></Identifier></ScalarOperator></Intrinsic></ScalarOperator></Assign><Assign><ColumnReference Database="[ABM_Data_Release]" Schema="[dbo]" Table="[CRM_DoanhSoThucChay_TongHop]" Column="SoHopDong"></ColumnReference><ScalarOperator><Identifier><ColumnReference Database="[ABM_Data_Release]" Schema="[dbo]" Table="[DoanhSoThucChayNhanHangCore]" Alias="[dsc]" Column="SoHopDong"></ColumnReference></Identifier></ScalarOperator></Assign><Assign><ColumnReference Database="[ABM_Data_Release]" Schema="[dbo]" Table="[CRM_DoanhSoThucChay_TongHop]" Column="NgayDanhSo"></ColumnReference><ScalarOperator><Identifier><ColumnReference Column="Expr1013"></ColumnReference></Identifier></ScalarOperator></Assign><Assign><ColumnReference Database="[ABM_Data_Release]" Schema="[dbo]" Table="[CRM_DoanhSoThucChay_TongHop]" Column="DmNhanVienREF"></ColumnReference><ScalarOperator><Identifier><ColumnReference Database="[ABM_Data_Release]" Schema="[dbo]" Table="[DoanhSoThucChayNhanHangCore]" Alias="[dsc]" Column="DmNhanVienREF"></ColumnReference></Identifier></ScalarOperator></Assign><Assign><ColumnReference Database="[ABM_Data_Release]" Schema="[dbo]" Table="[CRM_DoanhSoThucChay_TongHop]" Column="PhongBanREF"></ColumnReference><ScalarOperator><Identifier><ColumnReference Database="[ABM_Data_Release]" Schema="[dbo]" Table="[DoanhSoThucChayNhanHangCore]" Alias="[dsc]" Column="PhongBanREF"></ColumnReference></Identifier></ScalarOperator></Assign><Assign><ColumnReference Database="[ABM_Data_Release]" Schema="[dbo]" Table="[CRM_DoanhSoThucChay_TongHop]" Column="BoPhanREF"></ColumnReference><ScalarOperator><Identifier><ColumnReference Database="[ABM_Data_Release]" Schema="[dbo]" Table="[DoanhSoThucChayNhanHangCore]" Alias="[dsc]" Column="BoPhanREF"></ColumnReference></Identifier></ScalarOperator></Assign><Assign><ColumnReference Database="[ABM_Data_Release]" Schema="[dbo]" Table="[CRM_DoanhSoThucChay_TongHop]" Column="NhomREF"></ColumnReference><ScalarOperator><Identifier><ColumnReference Database="[ABM_Data_Release]" Schema="[dbo]" Table="[DoanhSoThucChayNhanHangCore]" Alias="[dsc]" Column="NhomREF"></ColumnReference></Identifier></ScalarOperator></Assign><Assign><ColumnReference Database="[ABM_Data_Release]" Schema="[dbo]" Table="[CRM_DoanhSoThucChay_TongHop]" Column="DmKhachHangREF"></ColumnReference><ScalarOperator><Identifier><ColumnReference Database="[ABM_Data_Release]" Schema="[dbo]" Table="[DoanhSoThucChayNhanHangCore]" Alias="[dsc]" Column="DmKhachHangREF"></ColumnReference></Identifier></ScalarOperator></Assign><Assign><ColumnReference Database="[ABM_Data_Release]" Schema="[dbo]" Table="[CRM_DoanhSoThucChay_TongHop]" Column="DmHinhThucKhachHangREF"></ColumnReference><ScalarOperator><Identifier><ColumnReference Database="[ABM_Data_Release]" Schema="[dbo]" Table="[KhachHangThongTinChung]" Alias="[khttc]" Column="DmHinhThucKhachHangREF"></ColumnReference></Identifier></ScalarOperator></Assign><Assign><ColumnReference Database="[ABM_Data_Release]" Schema="[dbo]" Table="[CRM_DoanhSoThucChay_TongHop]" Column="DmLoaiKhachHangREF"></ColumnReference><ScalarOperator><Identifier><ColumnReference Column="Expr1014"></ColumnReference></Identifier></ScalarOperator></Assign><Assign><ColumnReference Database="[ABM_Data_Release]" Schema="[dbo]" Table="[CRM_DoanhSoThucChay_TongHop]" Column="DmNhomSanPhamREF"></ColumnReference><ScalarOperator><Identifier><ColumnReference Database="[ABM_Data_Release]" Schema="[dbo]" Table="[HopDongChiTiet]" Alias="[hdct]" Column="DmLoaiREF"></ColumnReference></Identifier></ScalarOperator></Assign><Assign><ColumnReference Database="[ABM_Data_Release]" Schema="[dbo]" Table="[CRM_DoanhSoThucChay_TongHop]" Column="DmSanPhamREF"></ColumnReference><ScalarOperator><Identifier><ColumnReference Database="[ABM_Data_Release]" Schema="[dbo]" Table="[DoanhSoThucChayNhanHangCore]" Alias="[dsc]" Column="DmSanPhamREF"></ColumnReference></Identifier></ScalarOperator></Assign><Assign><ColumnReference Database="[ABM_Data_Release]" Schema="[dbo]" Table="[CRM_DoanhSoThucChay_TongHop]" Column="DoanhSo"></ColumnReference><ScalarOperator><Identifier><ColumnReference Column="Expr1009"></ColumnReference></Identifier></ScalarOperator></Assign><Assign><ColumnReference Database="[ABM_Data_Release]" Schema="[dbo]" Table="[CRM_DoanhSoThucChay_TongHop]" Column="TenDangNhap"></ColumnReference><ScalarOperator><Identifier><ColumnReference Column="Expr1015"></ColumnReference></Identifier></ScalarOperator></Assign><Assign><ColumnReference Database="[ABM_Data_Release]" Schema="[dbo]" Table="[CRM_DoanhSoThucChay_TongHop]" Column="CRM_DoanhSoThucChay_TongHopID"></ColumnReference><ScalarOperator><Identifier><ColumnReference Column="Expr1010"></ColumnReference></Identifier></ScalarOperator></Assign></MultipleAssign></ScalarOperator></ScalarExpressionList></ScalarOperator></SetPredicate><RelOp NodeId="2" PhysicalOp="Compute Scalar" LogicalOp="Compute Scalar" EstimateRows="2.70271e+006" EstimateIO="0" EstimateCPU="0.270271" AvgRowSize="125" EstimatedTotalSubtreeCost="464.611" Parallel="0" EstimateRebinds="0" EstimateRewinds="0" EstimatedExecutionMode="Row"><OutputList><ColumnReference Database="[ABM_Data_Release]" Schema="[dbo]" Table="[DoanhSoThucChayNhanHangCore]" Alias="[dsc]" Column="NgayThucHien"></ColumnReference><ColumnReference Database="[ABM_Data_Release]" Schema="[dbo]" Table="[DoanhSoThucChayNhanHangCore]" Alias="[dsc]" Column="DmNhanHangREF"></ColumnReference><ColumnReference Database="[ABM_Data_Release]" Schema="[dbo]" Table="[DoanhSoThucChayNhanHangCore]" Alias="[dsc]" Column="HopDongID"></ColumnReference><ColumnReference Database="[ABM_Data_Release]" Schema="[dbo]" Table="[DoanhSoThucChayNhanHangCore]" Alias="[dsc]" Column="SoHopDong"></ColumnReference><ColumnReference Database="[ABM_Data_Release]" Schema="[dbo]" Table="[DoanhSoThucChayNhanHangCore]" Alias="[dsc]" Column="DmNhanVienREF"></ColumnReference><ColumnReference Database="[ABM_Data_Release]" Schema="[dbo]" Table="[DoanhSoThucChayNhanHangCore]" Alias="[dsc]" Column="DmSanPhamREF"></ColumnReference><ColumnReference Database="[ABM_Data_Release]" Schema="[dbo]" Table="[DoanhSoThucChayNhanHangCore]" Alias="[dsc]" Column="PhongBanREF"></ColumnReference><ColumnReference Database="[ABM_Data_Release]" Schema="[dbo]" Table="[DoanhSoThucChayNhanHangCore]" Alias="[dsc]" Column="BoPhanREF"></ColumnReference><ColumnReference Database="[ABM_Data_Release]" Schema="[dbo]" Table="[DoanhSoThucChayNhanHangCore]" Alias="[dsc]" Column="NhomREF"></ColumnReference><ColumnReference Database="[ABM_Data_Release]" Schema="[dbo]" Table="[DoanhSoThucChayNhanHangCore]" Alias="[dsc]" Column="DmKhachHangREF"></ColumnReference><ColumnReference Database="[ABM_Data_Release]" Schema="[dbo]" Table="[KhachHangThongTinChung]" Alias="[khttc]" Column="DmHinhThucKhachHangREF"></ColumnReference><ColumnReference Database="[ABM_Data_Release]" Schema="[dbo]" Table="[HopDongChiTiet]" Alias="[hdct]" Column="DmLoaiREF"></ColumnReference><ColumnReference Column="Expr1009"></ColumnReference><ColumnReference Column="Expr1010"></ColumnReference><ColumnReference Column="Expr1011"></ColumnReference><ColumnReference Column="Expr1012"></ColumnReference><ColumnReference Column="Expr1013"></ColumnReference><ColumnReference Column="Expr1014"></ColumnReference><ColumnReference Column="Expr1015"></ColumnReference></OutputList><ComputeScalar><DefinedValues><DefinedValue><ColumnReference Column="Expr1011"></ColumnReference><ScalarOperator ScalarString="CONVERT_IMPLICIT(int,[ABM_Data_Release].[dbo].[NhanHangPhanLoai].[LoaiNhanHang] as [nhpl].[LoaiNhanHang],0)"><Convert DataType="int" Style="0" Implicit="1"><ScalarOperator><Identifier><ColumnReference Database="[ABM_Data_Release]" Schema="[dbo]" Table="[NhanHangPhanLoai]" Alias="[nhpl]" Column="LoaiNhanHang"></ColumnReference></Identifier></ScalarOperator></Convert></ScalarOperator></DefinedValue><DefinedValue><ColumnReference Column="Expr1012"></ColumnReference><ScalarOperator ScalarString="CONVERT_IMPLICIT(int,[ABM_Data_Release].[dbo].[DmNhanHang].[DmNghanhHangREF] as [dnh].[DmNghanhHangREF],0)"><Convert DataType="int" Style="0" Implicit="1"><ScalarOperator><Identifier><ColumnReference Database="[ABM_Data_Release]" Schema="[dbo]" Table="[DmNhanHang]" Alias="[dnh]" Column="DmNghanhHangREF"></ColumnReference></Identifier></ScalarOperator></Convert></ScalarOperator></DefinedValue><DefinedValue><ColumnReference Column="Expr1013"></ColumnReference><ScalarOperator ScalarString="CONVERT_IMPLICIT(date,[ABM_Data_Release].[dbo].[DoanhSoThucChayNhanHangCore].[NgayDanhSo] as [dsc].[NgayDanhSo],0)"><Convert DataType="date" Style="0" Implicit="1"><ScalarOperator><Identifier><ColumnReference Database="[ABM_Data_Release]" Schema="[dbo]" Table="[DoanhSoThucChayNhanHangCore]" Alias="[dsc]" Column="NgayDanhSo"></ColumnReference></Identifier></ScalarOperator></Convert></ScalarOperator></DefinedValue><DefinedValue><ColumnReference Column="Expr1014"></ColumnReference><ScalarOperator ScalarString="CONVERT_IMPLICIT(int,[ABM_Data_Release].[dbo].[KhachHangThongTinChung].[DmLoaiKhachHang] as [khttc].[DmLoaiKhachHang],0)"><Convert DataType="int" Style="0" Implicit="1"><ScalarOperator><Identifier><ColumnReference Database="[ABM_Data_Release]" Schema="[dbo]" Table="[KhachHangThongTinChung]" Alias="[khttc]" Column="DmLoaiKhachHang"></ColumnReference></Identifier></ScalarOperator></Convert></ScalarOperator></DefinedValue><DefinedValue><ColumnReference Column="Expr1015"></ColumnReference><ScalarOperator ScalarString="CONVERT_IMPLICIT(nvarchar(50),[ABM_Data_Release].[dbo].[DoanhSoThucChayNhanHangCore].[TenDangNhap] as [dsc].[TenDangNhap],0)"><Convert DataType="nvarchar" Length="100" Style="0" Implicit="1"><ScalarOperator><Identifier><ColumnReference Database="[ABM_Data_Release]" Schema="[dbo]" Table="[DoanhSoThucChayNhanHangCore]" Alias="[dsc]" Column="TenDangNhap"></ColumnReference></Identifier></ScalarOperator></Convert></ScalarOperator></DefinedValue></DefinedValues><RelOp NodeId="3" PhysicalOp="Compute Scalar" LogicalOp="Compute Scalar" EstimateRows="2.70271e+006" EstimateIO="0" EstimateCPU="0.270271" AvgRowSize="249" EstimatedTotalSubtreeCost="464.341" Parallel="0" EstimateRebinds="0" EstimateRewinds="0" EstimatedExecutionMode="Row"><OutputList><ColumnReference Database="[ABM_Data_Release]" Schema="[dbo]" Table="[DoanhSoThucChayNhanHangCore]" Alias="[dsc]" Column="NgayThucHien"></ColumnReference><ColumnReference Database="[ABM_Data_Release]" Schema="[dbo]" Table="[DoanhSoThucChayNhanHangCore]" Alias="[dsc]" Column="DmNhanHangREF"></ColumnReference><ColumnReference Database="[ABM_Data_Release]" Schema="[dbo]" Table="[DoanhSoThucChayNhanHangCore]" Alias="[dsc]" Column="HopDongID"></ColumnReference><ColumnReference Database="[ABM_Data_Release]" Schema="[dbo]" Table="[DoanhSoThucChayNhanHangCore]" Alias="[dsc]" Column="SoHopDong"></ColumnReference><ColumnReference Database="[ABM_Data_Release]" Schema="[dbo]" Table="[DoanhSoThucChayNhanHangCore]" Alias="[dsc]" Column="DmNhanVienREF"></ColumnReference><ColumnReference Database="[ABM_Data_Release]" Schema="[dbo]" Table="[DoanhSoThucChayNhanHangCore]" Alias="[dsc]" Column="DmSanPhamREF"></ColumnReference><ColumnReference Database="[ABM_Data_Release]" Schema="[dbo]" Table="[DoanhSoThucChayNhanHangCore]" Alias="[dsc]" Column="TenDangNhap"></ColumnReference><ColumnReference Database="[ABM_Data_Release]" Schema="[dbo]" Table="[DoanhSoThucChayNhanHangCore]" Alias="[dsc]" Column="PhongBanREF"></ColumnReference><ColumnReference Database="[ABM_Data_Release]" Schema="[dbo]" Table="[DoanhSoThucChayNhanHangCore]" Alias="[dsc]" Column="BoPhanREF"></ColumnReference><ColumnReference Database="[ABM_Data_Release]" Schema="[dbo]" Table="[DoanhSoThucChayNhanHangCore]" Alias="[dsc]" Column="NhomREF"></ColumnReference><ColumnReference Database="[ABM_Data_Release]" Schema="[dbo]" Table="[DoanhSoThucChayNhanHangCore]" Alias="[dsc]" Column="NgayDanhSo"></ColumnReference><ColumnReference Database="[ABM_Data_Release]" Schema="[dbo]" Table="[DoanhSoThucChayNhanHangCore]" Alias="[dsc]" Column="DmKhachHangREF"></ColumnReference><ColumnReference Database="[ABM_Data_Release]" Schema="[dbo]" Table="[NhanHangPhanLoai]" Alias="[nhpl]" Column="LoaiNhanHang"></ColumnReference><ColumnReference Database="[ABM_Data_Release]" Schema="[dbo]" Table="[DmNhanHang]" Alias="[dnh]" Column="DmNghanhHangREF"></ColumnReference><ColumnReference Database="[ABM_Data_Release]" Schema="[dbo]" Table="[KhachHangThongTinChung]" Alias="[khttc]" Column="DmHinhThucKhachHangREF"></ColumnReference><ColumnReference Database="[ABM_Data_Release]" Schema="[dbo]" Table="[KhachHangThongTinChung]" Alias="[khttc]" Column="DmLoaiKhachHang"></ColumnReference><ColumnReference Database="[ABM_Data_Release]" Schema="[dbo]" Table="[HopDongChiTiet]" Alias="[hdct]" Column="DmLoaiREF"></ColumnReference><ColumnReference Column="Expr1009"></ColumnReference><ColumnReference Column="Expr1010"></ColumnReference></OutputList><ComputeScalar ComputeSequence="1"><DefinedValues><DefinedValue><ColumnReference Column="Expr1010"></ColumnReference><ScalarOperator ScalarString="getidentity((821890295),(6),NULL)"><Intrinsic FunctionName="getidentity"><ScalarOperator><Const ConstValue="(821890295)"></Const></ScalarOperator><ScalarOperator><Const ConstValue="(6)"></Const></ScalarOperator><ScalarOperator><Const ConstValue="NULL"></Const></ScalarOperator></Intrinsic></ScalarOperator></DefinedValue></DefinedValues><RelOp NodeId="4" PhysicalOp="Parallelism" LogicalOp="Gather Streams" EstimateRows="2.70271e+006" EstimateIO="0" EstimateCPU="8.89019" AvgRowSize="245" EstimatedTotalSubtreeCost="464.07" Parallel="1" EstimateRebinds="0" EstimateRewinds="0" EstimatedExecutionMode="Row"><OutputList><ColumnReference Database="[ABM_Data_Release]" Schema="[dbo]" Table="[DoanhSoThucChayNhanHangCore]" Alias="[dsc]" Column="NgayThucHien"></ColumnReference><ColumnReference Database="[ABM_Data_Release]" Schema="[dbo]" Table="[DoanhSoThucChayNhanHangCore]" Alias="[dsc]" Column="DmNhanHangREF"></ColumnReference><ColumnReference Database="[ABM_Data_Release]" Schema="[dbo]" Table="[DoanhSoThucChayNhanHangCore]" Alias="[dsc]" Column="HopDongID"></ColumnReference><ColumnReference Database="[ABM_Data_Release]" Schema="[dbo]" Table="[DoanhSoThucChayNhanHangCore]" Alias="[dsc]" Column="SoHopDong"></ColumnReference><ColumnReference Database="[ABM_Data_Release]" Schema="[dbo]" Table="[DoanhSoThucChayNhanHangCore]" Alias="[dsc]" Column="DmNhanVienREF"></ColumnReference><ColumnReference Database="[ABM_Data_Release]" Schema="[dbo]" Table="[DoanhSoThucChayNhanHangCore]" Alias="[dsc]" Column="DmSanPhamREF"></ColumnReference><ColumnReference Database="[ABM_Data_Release]" Schema="[dbo]" Table="[DoanhSoThucChayNhanHangCore]" Alias="[dsc]" Column="TenDangNhap"></ColumnReference><ColumnReference Database="[ABM_Data_Release]" Schema="[dbo]" Table="[DoanhSoThucChayNhanHangCore]" Alias="[dsc]" Column="PhongBanREF"></ColumnReference><ColumnReference Database="[ABM_Data_Release]" Schema="[dbo]" Table="[DoanhSoThucChayNhanHangCore]" Alias="[dsc]" Column="BoPhanREF"></ColumnReference><ColumnReference Database="[ABM_Data_Release]" Schema="[dbo]" Table="[DoanhSoThucChayNhanHangCore]" Alias="[dsc]" Column="NhomREF"></ColumnReference><ColumnReference Database="[ABM_Data_Release]" Schema="[dbo]" Table="[DoanhSoThucChayNhanHangCore]" Alias="[dsc]" Column="NgayDanhSo"></ColumnReference><ColumnReference Database="[ABM_Data_Release]" Schema="[dbo]" Table="[DoanhSoThucChayNhanHangCore]" Alias="[dsc]" Column="DmKhachHangREF"></ColumnReference><ColumnReference Database="[ABM_Data_Release]" Schema="[dbo]" Table="[NhanHangPhanLoai]" Alias="[nhpl]" Column="LoaiNhanHang"></ColumnReference><ColumnReference Database="[ABM_Data_Release]" Schema="[dbo]" Table="[DmNhanHang]" Alias="[dnh]" Column="DmNghanhHangREF"></ColumnReference><ColumnReference Database="[ABM_Data_Release]" Schema="[dbo]" Table="[KhachHangThongTinChung]" Alias="[khttc]" Column="DmHinhThucKhachHangREF"></ColumnReference><ColumnReference Database="[ABM_Data_Release]" Schema="[dbo]" Table="[KhachHangThongTinChung]" Alias="[khttc]" Column="DmLoaiKhachHang"></ColumnReference><ColumnReference Database="[ABM_Data_Release]" Schema="[dbo]" Table="[HopDongChiTiet]" Alias="[hdct]" Column="DmLoaiREF"></ColumnReference><ColumnReference Column="Expr1009"></ColumnReference></OutputList><Parallelism><RelOp NodeId="5" PhysicalOp="Compute Scalar" LogicalOp="Compute Scalar" EstimateRows="2.70271e+006" EstimateIO="0" EstimateCPU="0" AvgRowSize="245" EstimatedTotalSubtreeCost="455.18" Parallel="1" EstimateRebinds="0" EstimateRewinds="0" EstimatedExecutionMode="Row"><OutputList><ColumnReference Database="[ABM_Data_Release]" Schema="[dbo]" Table="[DoanhSoThucChayNhanHangCore]" Alias="[dsc]" Column="NgayThucHien"></ColumnReference><ColumnReference Database="[ABM_Data_Release]" Schema="[dbo]" Table="[DoanhSoThucChayNhanHangCore]" Alias="[dsc]" Column="DmNhanHangREF"></ColumnReference><ColumnReference Database="[ABM_Data_Release]" Schema="[dbo]" Table="[DoanhSoThucChayNhanHangCore]" Alias="[dsc]" Column="HopDongID"></ColumnReference><ColumnReference Database="[ABM_Data_Release]" Schema="[dbo]" Table="[DoanhSoThucChayNhanHangCore]" Alias="[dsc]" Column="SoHopDong"></ColumnReference><ColumnReference Database="[ABM_Data_Release]" Schema="[dbo]" Table="[DoanhSoThucChayNhanHangCore]" Alias="[dsc]" Column="DmNhanVienREF"></ColumnReference><ColumnReference Database="[ABM_Data_Release]" Schema="[dbo]" Table="[DoanhSoThucChayNhanHangCore]" Alias="[dsc]" Column="DmSanPhamREF"></ColumnReference><ColumnReference Database="[ABM_Data_Release]" Schema="[dbo]" Table="[DoanhSoThucChayNhanHangCore]" Alias="[dsc]" Column="TenDangNhap"></ColumnReference><ColumnReference Database="[ABM_Data_Release]" Schema="[dbo]" Table="[DoanhSoThucChayNhanHangCore]" Alias="[dsc]" Column="PhongBanREF"></ColumnReference><ColumnReference Database="[ABM_Data_Release]" Schema="[dbo]" Table="[DoanhSoThucChayNhanHangCore]" Alias="[dsc]" Column="BoPhanREF"></ColumnReference><ColumnReference Database="[ABM_Data_Release]" Schema="[dbo]" Table="[DoanhSoThucChayNhanHangCore]" Alias="[dsc]" Column="NhomREF"></ColumnReference><ColumnReference Database="[ABM_Data_Release]" Schema="[dbo]" Table="[DoanhSoThucChayNhanHangCore]" Alias="[dsc]" Column="NgayDanhSo"></ColumnReference><ColumnReference Database="[ABM_Data_Release]" Schema="[dbo]" Table="[DoanhSoThucChayNhanHangCore]" Alias="[dsc]" Column="DmKhachHangREF"></ColumnReference><ColumnReference Database="[ABM_Data_Release]" Schema="[dbo]" Table="[NhanHangPhanLoai]" Alias="[nhpl]" Column="LoaiNhanHang"></ColumnReference><ColumnReference Database="[ABM_Data_Release]" Schema="[dbo]" Table="[DmNhanHang]" Alias="[dnh]" Column="DmNghanhHangREF"></ColumnReference><ColumnReference Database="[ABM_Data_Release]" Schema="[dbo]" Table="[KhachHangThongTinChung]" Alias="[khttc]" Column="DmHinhThucKhachHangREF"></ColumnReference><ColumnReference Database="[ABM_Data_Release]" Schema="[dbo]" Table="[KhachHangThongTinChung]" Alias="[khttc]" Column="DmLoaiKhachHang"></ColumnReference><ColumnReference Database="[ABM_Data_Release]" Schema="[dbo]" Table="[HopDongChiTiet]" Alias="[hdct]" Column="DmLoaiREF"></ColumnReference><ColumnReference Column="Expr1009"></ColumnReference></OutputList><ComputeScalar><DefinedValues><DefinedValue><ColumnReference Column="Expr1009"></ColumnReference><ScalarOperator ScalarString="CASE WHEN [Expr1036]=(0) THEN NULL ELSE [Expr1037] END"><IF><Condition><ScalarOperator><Compare CompareOp="EQ"><ScalarOperator><Identifier><ColumnReference Column="Expr1036"></ColumnReference></Identifier></ScalarOperator><ScalarOperator><Const ConstValue="(0)"></Const></ScalarOperator></Compare></ScalarOperator></Condition><Then><ScalarOperator><Const ConstValue="NULL"></Const></ScalarOperator></Then><Else><ScalarOperator><Identifier><ColumnReference Column="Expr1037"></ColumnReference></Identifier></ScalarOperator></Else></IF></ScalarOperator></DefinedValue></DefinedValues><RelOp NodeId="6" PhysicalOp="Stream Aggregate" LogicalOp="Aggregate" EstimateRows="2.70271e+006" EstimateIO="0" EstimateCPU="0.371623" AvgRowSize="245" EstimatedTotalSubtreeCost="455.18" Parallel="1" EstimateRebinds="0" EstimateRewinds="0" EstimatedExecutionMode="Row"><OutputList><ColumnReference Database="[ABM_Data_Release]" Schema="[dbo]" Table="[DoanhSoThucChayNhanHangCore]" Alias="[dsc]" Column="NgayThucHien"></ColumnReference><ColumnReference Database="[ABM_Data_Release]" Schema="[dbo]" Table="[DoanhSoThucChayNhanHangCore]" Alias="[dsc]" Column="DmNhanHangREF"></ColumnReference><ColumnReference Database="[ABM_Data_Release]" Schema="[dbo]" Table="[DoanhSoThucChayNhanHangCore]" Alias="[dsc]" Column="HopDongID"></ColumnReference><ColumnReference Database="[ABM_Data_Release]" Schema="[dbo]" Table="[DoanhSoThucChayNhanHangCore]" Alias="[dsc]" Column="SoHopDong"></ColumnReference><ColumnReference Database="[ABM_Data_Release]" Schema="[dbo]" Table="[DoanhSoThucChayNhanHangCore]" Alias="[dsc]" Column="DmNhanVienREF"></ColumnReference><ColumnReference Database="[ABM_Data_Release]" Schema="[dbo]" Table="[DoanhSoThucChayNhanHangCore]" Alias="[dsc]" Column="DmSanPhamREF"></ColumnReference><ColumnReference Database="[ABM_Data_Release]" Schema="[dbo]" Table="[DoanhSoThucChayNhanHangCore]" Alias="[dsc]" Column="TenDangNhap"></ColumnReference><ColumnReference Database="[ABM_Data_Release]" Schema="[dbo]" Table="[DoanhSoThucChayNhanHangCore]" Alias="[dsc]" Column="PhongBanREF"></ColumnReference><ColumnReference Database="[ABM_Data_Release]" Schema="[dbo]" Table="[DoanhSoThucChayNhanHangCore]" Alias="[dsc]" Column="BoPhanREF"></ColumnReference><ColumnReference Database="[ABM_Data_Release]" Schema="[dbo]" Table="[DoanhSoThucChayNhanHangCore]" Alias="[dsc]" Column="NhomREF"></ColumnReference><ColumnReference Database="[ABM_Data_Release]" Schema="[dbo]" Table="[DoanhSoThucChayNhanHangCore]" Alias="[dsc]" Column="NgayDanhSo"></ColumnReference><ColumnReference Database="[ABM_Data_Release]" Schema="[dbo]" Table="[DoanhSoThucChayNhanHangCore]" Alias="[dsc]" Column="DmKhachHangREF"></ColumnReference><ColumnReference Database="[ABM_Data_Release]" Schema="[dbo]" Table="[NhanHangPhanLoai]" Alias="[nhpl]" Column="LoaiNhanHang"></ColumnReference><ColumnReference Database="[ABM_Data_Release]" Schema="[dbo]" Table="[DmNhanHang]" Alias="[dnh]" Column="DmNghanhHangREF"></ColumnReference><ColumnReference Database="[ABM_Data_Release]" Schema="[dbo]" Table="[KhachHangThongTinChung]" Alias="[khttc]" Column="DmHinhThucKhachHangREF"></ColumnReference><ColumnReference Database="[ABM_Data_Release]" Schema="[dbo]" Table="[KhachHangThongTinChung]" Alias="[khttc]" Column="DmLoaiKhachHang"></ColumnReference><ColumnReference Database="[ABM_Data_Release]" Schema="[dbo]" Table="[HopDongChiTiet]" Alias="[hdct]" Column="DmLoaiREF"></ColumnReference><ColumnReference Column="Expr1036"></ColumnReference><ColumnReference Column="Expr1037"></ColumnReference></OutputList><StreamAggregate><DefinedValues><DefinedValue><ColumnReference Column="Expr1036"></ColumnReference><ScalarOperator ScalarString="COUNT_BIG([ABM_Data_Release].[dbo].[DoanhSoThucChayNhanHangCore].[ThucThuPhatSinhTrongKy] as [dsc].[ThucThuPhatSinhTrongKy])"><Aggregate Distinct="0" AggType="COUNT_BIG"><ScalarOperator><Identifier><ColumnReference Database="[ABM_Data_Release]" Schema="[dbo]" Table="[DoanhSoThucChayNhanHangCore]" Alias="[dsc]" Column="ThucThuPhatSinhTrongKy"></ColumnReference></Identifier></ScalarOperator></Aggregate></ScalarOperator></DefinedValue><DefinedValue><ColumnReference Column="Expr1037"></ColumnReference><ScalarOperator ScalarString="SUM([ABM_Data_Release].[dbo].[DoanhSoThucChayNhanHangCore].[ThucThuPhatSinhTrongKy] as [dsc].[ThucThuPhatSinhTrongKy])"><Aggregate Distinct="0" AggType="SUM"><ScalarOperator><Identifier><ColumnReference Database="[ABM_Data_Release]" Schema="[dbo]" Table="[DoanhSoThucChayNhanHangCore]" Alias="[dsc]" Column="ThucThuPhatSinhTrongKy"></ColumnReference></Identifier></ScalarOperator></Aggregate></ScalarOperator></DefinedValue><DefinedValue><ColumnReference Database="[ABM_Data_Release]" Schema="[dbo]" Table="[DmNhanHang]" Alias="[dnh]" Column="DmNghanhHangREF"></ColumnReference><ScalarOperator ScalarString="ANY([ABM_Data_Release].[dbo].[DmNhanHang].[DmNghanhHangREF] as [dnh].[DmNghanhHangREF])"><Aggregate Distinct="0" AggType="ANY"><ScalarOperator><Identifier><ColumnReference Database="[ABM_Data_Release]" Schema="[dbo]" Table="[DmNhanHang]" Alias="[dnh]" Column="DmNghanhHangREF"></ColumnReference></Identifier></ScalarOperator></Aggregate></ScalarOperator></DefinedValue><DefinedValue><ColumnReference Database="[ABM_Data_Release]" Schema="[dbo]" Table="[KhachHangThongTinChung]" Alias="[khttc]" Column="DmHinhThucKhachHangREF"></ColumnReference><ScalarOperator ScalarString="ANY([ABM_Data_Release].[dbo].[KhachHangThongTinChung].[DmHinhThucKhachHangREF] as [khttc].[DmHinhThucKhachHangREF])"><Aggregate Distinct="0" AggType="ANY"><ScalarOperator><Identifier><ColumnReference Database="[ABM_Data_Release]" Schema="[dbo]" Table="[KhachHangThongTinChung]" Alias="[khttc]" Column="DmHinhThucKhachHangREF"></ColumnReference></Identifier></ScalarOperator></Aggregate></ScalarOperator></DefinedValue><DefinedValue><ColumnReference Database="[ABM_Data_Release]" Schema="[dbo]" Table="[KhachHangThongTinChung]" Alias="[khttc]" Column="DmLoaiKhachHang"></ColumnReference><ScalarOperator ScalarString="ANY([ABM_Data_Release].[dbo].[KhachHangThongTinChung].[DmLoaiKhachHang] as [khttc].[DmLoaiKhachHang])"><Aggregate Distinct="0" AggType="ANY"><ScalarOperator><Identifier><ColumnReference Database="[ABM_Data_Release]" Schema="[dbo]" Table="[KhachHangThongTinChung]" Alias="[khttc]" Column="DmLoaiKhachHang"></ColumnReference></Identifier></ScalarOperator></Aggregate></ScalarOperator></DefinedValue></DefinedValues><GroupBy><ColumnReference Database="[ABM_Data_Release]" Schema="[dbo]" Table="[DoanhSoThucChayNhanHangCore]" Alias="[dsc]" Column="NgayThucHien"></ColumnReference><ColumnReference Database="[ABM_Data_Release]" Schema="[dbo]" Table="[NhanHangPhanLoai]" Alias="[nhpl]" Column="LoaiNhanHang"></ColumnReference><ColumnReference Database="[ABM_Data_Release]" Schema="[dbo]" Table="[DoanhSoThucChayNhanHangCore]" Alias="[dsc]" Column="DmNhanHangREF"></ColumnReference><ColumnReference Database="[ABM_Data_Release]" Schema="[dbo]" Table="[DoanhSoThucChayNhanHangCore]" Alias="[dsc]" Column="HopDongID"></ColumnReference><ColumnReference Database="[ABM_Data_Release]" Schema="[dbo]" Table="[DoanhSoThucChayNhanHangCore]" Alias="[dsc]" Column="SoHopDong"></ColumnReference><ColumnReference Database="[ABM_Data_Release]" Schema="[dbo]" Table="[DoanhSoThucChayNhanHangCore]" Alias="[dsc]" Column="NgayDanhSo"></ColumnReference><ColumnReference Database="[ABM_Data_Release]" Schema="[dbo]" Table="[DoanhSoThucChayNhanHangCore]" Alias="[dsc]" Column="DmNhanVienREF"></ColumnReference><ColumnReference Database="[ABM_Data_Release]" Schema="[dbo]" Table="[DoanhSoThucChayNhanHangCore]" Alias="[dsc]" Column="PhongBanREF"></ColumnReference><ColumnReference Database="[ABM_Data_Release]" Schema="[dbo]" Table="[DoanhSoThucChayNhanHangCore]" Alias="[dsc]" Column="BoPhanREF"></ColumnReference><ColumnReference Database="[ABM_Data_Release]" Schema="[dbo]" Table="[DoanhSoThucChayNhanHangCore]" Alias="[dsc]" Column="NhomREF"></ColumnReference><ColumnReference Database="[ABM_Data_Release]" Schema="[dbo]" Table="[DoanhSoThucChayNhanHangCore]" Alias="[dsc]" Column="DmKhachHangREF"></ColumnReference><ColumnReference Database="[ABM_Data_Release]" Schema="[dbo]" Table="[HopDongChiTiet]" Alias="[hdct]" Column="DmLoaiREF"></ColumnReference><ColumnReference Database="[ABM_Data_Release]" Schema="[dbo]" Table="[DoanhSoThucChayNhanHangCore]" Alias="[dsc]" Column="DmSanPhamREF"></ColumnReference><ColumnReference Database="[ABM_Data_Release]" Schema="[dbo]" Table="[DoanhSoThucChayNhanHangCore]" Alias="[dsc]" Column="TenDangNhap"></ColumnReference></GroupBy><RelOp NodeId="7" PhysicalOp="Filter" LogicalOp="Filter" EstimateRows="2.70271e+006" EstimateIO="0" EstimateCPU="0.139845" AvgRowSize="245" EstimatedTotalSubtreeCost="454.809" Parallel="1" EstimateRebinds="0" EstimateRewinds="0" EstimatedExecutionMode="Row"><OutputList><ColumnReference Database="[ABM_Data_Release]" Schema="[dbo]" Table="[DoanhSoThucChayNhanHangCore]" Alias="[dsc]" Column="NgayThucHien"></ColumnReference><ColumnReference Database="[ABM_Data_Release]" Schema="[dbo]" Table="[DoanhSoThucChayNhanHangCore]" Alias="[dsc]" Column="DmNhanHangREF"></ColumnReference><ColumnReference Database="[ABM_Data_Release]" Schema="[dbo]" Table="[DoanhSoThucChayNhanHangCore]" Alias="[dsc]" Column="HopDongID"></ColumnReference><ColumnReference Database="[ABM_Data_Release]" Schema="[dbo]" Table="[DoanhSoThucChayNhanHangCore]" Alias="[dsc]" Column="SoHopDong"></ColumnReference><ColumnReference Database="[ABM_Data_Release]" Schema="[dbo]" Table="[DoanhSoThucChayNhanHangCore]" Alias="[dsc]" Column="DmNhanVienREF"></ColumnReference><ColumnReference Database="[ABM_Data_Release]" Schema="[dbo]" Table="[DoanhSoThucChayNhanHangCore]" Alias="[dsc]" Column="DmSanPhamREF"></ColumnReference><ColumnReference Database="[ABM_Data_Release]" Schema="[dbo]" Table="[DoanhSoThucChayNhanHangCore]" Alias="[dsc]" Column="ThucThuPhatSinhTrongKy"></ColumnReference><ColumnReference Database="[ABM_Data_Release]" Schema="[dbo]" Table="[DoanhSoThucChayNhanHangCore]" Alias="[dsc]" Column="TenDangNhap"></ColumnReference><ColumnReference Database="[ABM_Data_Release]" Schema="[dbo]" Table="[DoanhSoThucChayNhanHangCore]" Alias="[dsc]" Column="PhongBanREF"></ColumnReference><ColumnReference Database="[ABM_Data_Release]" Schema="[dbo]" Table="[DoanhSoThucChayNhanHangCore]" Alias="[dsc]" Column="BoPhanREF"></ColumnReference><ColumnReference Database="[ABM_Data_Release]" Schema="[dbo]" Table="[DoanhSoThucChayNhanHangCore]" Alias="[dsc]" Column="NhomREF"></ColumnReference><ColumnReference Database="[ABM_Data_Release]" Schema="[dbo]" Table="[DoanhSoThucChayNhanHangCore]" Alias="[dsc]" Column="NgayDanhSo"></ColumnReference><ColumnReference Database="[ABM_Data_Release]" Schema="[dbo]" Table="[DoanhSoThucChayNhanHangCore]" Alias="[dsc]" Column="DmKhachHangREF"></ColumnReference><ColumnReference Database="[ABM_Data_Release]" Schema="[dbo]" Table="[NhanHangPhanLoai]" Alias="[nhpl]" Column="LoaiNhanHang"></ColumnReference><ColumnReference Database="[ABM_Data_Release]" Schema="[dbo]" Table="[DmNhanHang]" Alias="[dnh]" Column="DmNghanhHangREF"></ColumnReference><ColumnReference Database="[ABM_Data_Release]" Schema="[dbo]" Table="[KhachHangThongTinChung]" Alias="[khttc]" Column="DmHinhThucKhachHangREF"></ColumnReference><ColumnReference Database="[ABM_Data_Release]" Schema="[dbo]" Table="[KhachHangThongTinChung]" Alias="[khttc]" Column="DmLoaiKhachHang"></ColumnReference><ColumnReference Database="[ABM_Data_Release]" Schema="[dbo]" Table="[HopDongChiTiet]" Alias="[hdct]" Column="DmLoaiREF"></ColumnReference></OutputList><Filter StartupExpression="0"><RelOp NodeId="9" PhysicalOp="Sort" LogicalOp="Sort" EstimateRows="2.33075e+006" EstimateIO="117.176" EstimateCPU="9.05472" AvgRowSize="253" EstimatedTotalSubtreeCost="454.669" Parallel="1" EstimateRebinds="0" EstimateRewinds="0" EstimatedExecutionMode="Row"><OutputList><ColumnReference Database="[ABM_Data_Release]" Schema="[dbo]" Table="[DoanhSoThucChayNhanHangCore]" Alias="[dsc]" Column="NgayThucHien"></ColumnReference><ColumnReference Database="[ABM_Data_Release]" Schema="[dbo]" Table="[DoanhSoThucChayNhanHangCore]" Alias="[dsc]" Column="DmNhanHangREF"></ColumnReference><ColumnReference Database="[ABM_Data_Release]" Schema="[dbo]" Table="[DoanhSoThucChayNhanHangCore]" Alias="[dsc]" Column="HopDongID"></ColumnReference><ColumnReference Database="[ABM_Data_Release]" Schema="[dbo]" Table="[DoanhSoThucChayNhanHangCore]" Alias="[dsc]" Column="SoHopDong"></ColumnReference><ColumnReference Database="[ABM_Data_Release]" Schema="[dbo]" Table="[DoanhSoThucChayNhanHangCore]" Alias="[dsc]" Column="DmNhanVienREF"></ColumnReference><ColumnReference Database="[ABM_Data_Release]" Schema="[dbo]" Table="[DoanhSoThucChayNhanHangCore]" Alias="[dsc]" Column="DmSanPhamREF"></ColumnReference><ColumnReference Database="[ABM_Data_Release]" Schema="[dbo]" Table="[DoanhSoThucChayNhanHangCore]" Alias="[dsc]" Column="ThucThuPhatSinhTrongKy"></ColumnReference><ColumnReference Database="[ABM_Data_Release]" Schema="[dbo]" Table="[DoanhSoThucChayNhanHangCore]" Alias="[dsc]" Column="TenDangNhap"></ColumnReference><ColumnReference Database="[ABM_Data_Release]" Schema="[dbo]" Table="[DoanhSoThucChayNhanHangCore]" Alias="[dsc]" Column="PhongBanREF"></ColumnReference><ColumnReference Database="[ABM_Data_Release]" Schema="[dbo]" Table="[DoanhSoThucChayNhanHangCore]" Alias="[dsc]" Column="BoPhanREF"></ColumnReference><ColumnReference Database="[ABM_Data_Release]" Schema="[dbo]" Table="[DoanhSoThucChayNhanHangCore]" Alias="[dsc]" Column="NhomREF"></ColumnReference><ColumnReference Database="[ABM_Data_Release]" Schema="[dbo]" Table="[DoanhSoThucChayNhanHangCore]" Alias="[dsc]" Column="NgayDanhSo"></ColumnReference><ColumnReference Database="[ABM_Data_Release]" Schema="[dbo]" Table="[DoanhSoThucChayNhanHangCore]" Alias="[dsc]" Column="DmKhachHangREF"></ColumnReference><ColumnReference Database="[ABM_Data_Release]" Schema="[dbo]" Table="[NhanHangPhanLoai]" Alias="[nhpl]" Column="LoaiNhanHang"></ColumnReference><ColumnReference Database="[ABM_Data_Release]" Schema="[dbo]" Table="[DmNhanHang]" Alias="[dnh]" Column="DmNhanHangID"></ColumnReference><ColumnReference Database="[ABM_Data_Release]" Schema="[dbo]" Table="[DmNhanHang]" Alias="[dnh]" Column="DmNghanhHangREF"></ColumnReference><ColumnReference Database="[ABM_Data_Release]" Schema="[dbo]" Table="[KhachHangThongTinChung]" Alias="[khttc]" Column="DmHinhThucKhachHangREF"></ColumnReference><ColumnReference Database="[ABM_Data_Release]" Schema="[dbo]" Table="[KhachHangThongTinChung]" Alias="[khttc]" Column="DmLoaiKhachHang"></ColumnReference><ColumnReference Database="[ABM_Data_Release]" Schema="[dbo]" Table="[HopDongChiTiet]" Alias="[hdct]" Column="DmLoaiREF"></ColumnReference></OutputList><MemoryFractions Input="0.771224" Output="1"></MemoryFractions><Sort Distinct="0"><OrderBy><OrderByColumn Ascending="1"><ColumnReference Database="[ABM_Data_Release]" Schema="[dbo]" Table="[DoanhSoThucChayNhanHangCore]" Alias="[dsc]" Column="NgayThucHien"></ColumnReference></OrderByColumn><OrderByColumn Ascending="1"><ColumnReference Database="[ABM_Data_Release]" Schema="[dbo]" Table="[NhanHangPhanLoai]" Alias="[nhpl]" Column="LoaiNhanHang"></ColumnReference></OrderByColumn><OrderByColumn Ascending="1"><ColumnReference Database="[ABM_Data_Release]" Schema="[dbo]" Table="[DoanhSoThucChayNhanHangCore]" Alias="[dsc]" Column="DmNhanHangREF"></ColumnReference></OrderByColumn><OrderByColumn Ascending="1"><ColumnReference Database="[ABM_Data_Release]" Schema="[dbo]" Table="[DoanhSoThucChayNhanHangCore]" Alias="[dsc]" Column="HopDongID"></ColumnReference></OrderByColumn><OrderByColumn Ascending="1"><ColumnReference Database="[ABM_Data_Release]" Schema="[dbo]" Table="[DoanhSoThucChayNhanHangCore]" Alias="[dsc]" Column="SoHopDong"></ColumnReference></OrderByColumn><OrderByColumn Ascending="1"><ColumnReference Database="[ABM_Data_Release]" Schema="[dbo]" Table="[DoanhSoThucChayNhanHangCore]" Alias="[dsc]" Column="NgayDanhSo"></ColumnReference></OrderByColumn><OrderByColumn Ascending="1"><ColumnReference Database="[ABM_Data_Release]" Schema="[dbo]" Table="[DoanhSoThucChayNhanHangCore]" Alias="[dsc]" Column="DmNhanVienREF"></ColumnReference></OrderByColumn><OrderByColumn Ascending="1"><ColumnReference Database="[ABM_Data_Release]" Schema="[dbo]" Table="[DoanhSoThucChayNhanHangCore]" Alias="[dsc]" Column="PhongBanREF"></ColumnReference></OrderByColumn><OrderByColumn Ascending="1"><ColumnReference Database="[ABM_Data_Release]" Schema="[dbo]" Table="[DoanhSoThucChayNhanHangCore]" Alias="[dsc]" Column="BoPhanREF"></ColumnReference></OrderByColumn><OrderByColumn Ascending="1"><ColumnReference Database="[ABM_Data_Release]" Schema="[dbo]" Table="[DoanhSoThucChayNhanHangCore]" Alias="[dsc]" Column="NhomREF"></ColumnReference></OrderByColumn><OrderByColumn Ascending="1"><ColumnReference Database="[ABM_Data_Release]" Schema="[dbo]" Table="[DoanhSoThucChayNhanHangCore]" Alias="[dsc]" Column="DmKhachHangREF"></ColumnReference></OrderByColumn><OrderByColumn Ascending="1"><ColumnReference Database="[ABM_Data_Release]" Schema="[dbo]" Table="[HopDongChiTiet]" Alias="[hdct]" Column="DmLoaiREF"></ColumnReference></OrderByColumn><OrderByColumn Ascending="1"><ColumnReference Database="[ABM_Data_Release]" Schema="[dbo]" Table="[DoanhSoThucChayNhanHangCore]" Alias="[dsc]" Column="DmSanPhamREF"></ColumnReference></OrderByColumn><OrderByColumn Ascending="1"><ColumnReference Database="[ABM_Data_Release]" Schema="[dbo]" Table="[DoanhSoThucChayNhanHangCore]" Alias="[dsc]" Column="TenDangNhap"></ColumnReference></OrderByColumn></OrderBy><RelOp NodeId="10" PhysicalOp="Parallelism" LogicalOp="Repartition Streams" EstimateRows="2.33075e+006" EstimateIO="0" EstimateCPU="12.0478" AvgRowSize="253" EstimatedTotalSubtreeCost="328.438" Parallel="1" EstimateRebinds="0" EstimateRewinds="0" EstimatedExecutionMode="Row"><OutputList><ColumnReference Database="[ABM_Data_Release]" Schema="[dbo]" Table="[DoanhSoThucChayNhanHangCore]" Alias="[dsc]" Column="NgayThucHien"></ColumnReference><ColumnReference Database="[ABM_Data_Release]" Schema="[dbo]" Table="[DoanhSoThucChayNhanHangCore]" Alias="[dsc]" Column="DmNhanHangREF"></ColumnReference><ColumnReference Database="[ABM_Data_Release]" Schema="[dbo]" Table="[DoanhSoThucChayNhanHangCore]" Alias="[dsc]" Column="HopDongID"></ColumnReference><ColumnReference Database="[ABM_Data_Release]" Schema="[dbo]" Table="[DoanhSoThucChayNhanHangCore]" Alias="[dsc]" Column="SoHopDong"></ColumnReference><ColumnReference Database="[ABM_Data_Release]" Schema="[dbo]" Table="[DoanhSoThucChayNhanHangCore]" Alias="[dsc]" Column="DmNhanVienREF"></ColumnReference><ColumnReference Database="[ABM_Data_Release]" Schema="[dbo]" Table="[DoanhSoThucChayNhanHangCore]" Alias="[dsc]" Column="DmSanPhamREF"></ColumnReference><ColumnReference Database="[ABM_Data_Release]" Schema="[dbo]" Table="[DoanhSoThucChayNhanHangCore]" Alias="[dsc]" Column="ThucThuPhatSinhTrongKy"></ColumnReference><ColumnReference Database="[ABM_Data_Release]" Schema="[dbo]" Table="[DoanhSoThucChayNhanHangCore]" Alias="[dsc]" Column="TenDangNhap"></ColumnReference><ColumnReference Database="[ABM_Data_Release]" Schema="[dbo]" Table="[DoanhSoThucChayNhanHangCore]" Alias="[dsc]" Column="PhongBanREF"></ColumnReference><ColumnReference Database="[ABM_Data_Release]" Schema="[dbo]" Table="[DoanhSoThucChayNhanHangCore]" Alias="[dsc]" Column="BoPhanREF"></ColumnReference><ColumnReference Database="[ABM_Data_Release]" Schema="[dbo]" Table="[DoanhSoThucChayNhanHangCore]" Alias="[dsc]" Column="NhomREF"></ColumnReference><ColumnReference Database="[ABM_Data_Release]" Schema="[dbo]" Table="[DoanhSoThucChayNhanHangCore]" Alias="[dsc]" Column="NgayDanhSo"></ColumnReference><ColumnReference Database="[ABM_Data_Release]" Schema="[dbo]" Table="[DoanhSoThucChayNhanHangCore]" Alias="[dsc]" Column="DmKhachHangREF"></ColumnReference><ColumnReference Database="[ABM_Data_Release]" Schema="[dbo]" Table="[NhanHangPhanLoai]" Alias="[nhpl]" Column="DmNhanHangREF"></ColumnReference><ColumnReference Database="[ABM_Data_Release]" Schema="[dbo]" Table="[NhanHangPhanLoai]" Alias="[nhpl]" Column="LoaiNhanHang"></ColumnReference><ColumnReference Database="[ABM_Data_Release]" Schema="[dbo]" Table="[DmNhanHang]" Alias="[dnh]" Column="DmNhanHangID"></ColumnReference><ColumnReference Database="[ABM_Data_Release]" Schema="[dbo]" Table="[DmNhanHang]" Alias="[dnh]" Column="DmNghanhHangREF"></ColumnReference><ColumnReference Database="[ABM_Data_Release]" Schema="[dbo]" Table="[KhachHangThongTinChung]" Alias="[khttc]" Column="DmHinhThucKhachHangREF"></ColumnReference><ColumnReference Database="[ABM_Data_Release]" Schema="[dbo]" Table="[KhachHangThongTinChung]" Alias="[khttc]" Column="DmLoaiKhachHang"></ColumnReference><ColumnReference Database="[ABM_Data_Release]" Schema="[dbo]" Table="[HopDongChiTiet]" Alias="[hdct]" Column="DmLoaiREF"></ColumnReference></OutputList><Parallelism PartitioningType="Hash"><PartitionColumns><ColumnReference Database="[ABM_Data_Release]" Schema="[dbo]" Table="[DoanhSoThucChayNhanHangCore]" Alias="[dsc]" Column="NgayThucHien"></ColumnReference><ColumnReference Database="[ABM_Data_Release]" Schema="[dbo]" Table="[NhanHangPhanLoai]" Alias="[nhpl]" Column="LoaiNhanHang"></ColumnReference><ColumnReference Database="[ABM_Data_Release]" Schema="[dbo]" Table="[DoanhSoThucChayNhanHangCore]" Alias="[dsc]" Column="DmNhanHangREF"></ColumnReference><ColumnReference Database="[ABM_Data_Release]" Schema="[dbo]" Table="[DoanhSoThucChayNhanHangCore]" Alias="[dsc]" Column="HopDongID"></ColumnReference><ColumnReference Database="[ABM_Data_Release]" Schema="[dbo]" Table="[DoanhSoThucChayNhanHangCore]" Alias="[dsc]" Column="SoHopDong"></ColumnReference><ColumnReference Database="[ABM_Data_Release]" Schema="[dbo]" Table="[DoanhSoThucChayNhanHangCore]" Alias="[dsc]" Column="NgayDanhSo"></ColumnReference><ColumnReference Database="[ABM_Data_Release]" Schema="[dbo]" Table="[DoanhSoThucChayNhanHangCore]" Alias="[dsc]" Column="DmNhanVienREF"></ColumnReference><ColumnReference Database="[ABM_Data_Release]" Schema="[dbo]" Table="[DoanhSoThucChayNhanHangCore]" Alias="[dsc]" Column="PhongBanREF"></ColumnReference><ColumnReference Database="[ABM_Data_Release]" Schema="[dbo]" Table="[DoanhSoThucChayNhanHangCore]" Alias="[dsc]" Column="BoPhanREF"></ColumnReference><ColumnReference Database="[ABM_Data_Release]" Schema="[dbo]" Table="[DoanhSoThucChayNhanHangCore]" Alias="[dsc]" Column="NhomREF"></ColumnReference><ColumnReference Database="[ABM_Data_Release]" Schema="[dbo]" Table="[DoanhSoThucChayNhanHangCore]" Alias="[dsc]" Column="DmKhachHangREF"></ColumnReference><ColumnReference Database="[ABM_Data_Release]" Schema="[dbo]" Table="[HopDongChiTiet]" Alias="[hdct]" Column="DmLoaiREF"></ColumnReference><ColumnReference Database="[ABM_Data_Release]" Schema="[dbo]" Table="[DoanhSoThucChayNhanHangCore]" Alias="[dsc]" Column="DmSanPhamREF"></ColumnReference><ColumnReference Database="[ABM_Data_Release]" Schema="[dbo]" Table="[DoanhSoThucChayNhanHangCore]" Alias="[dsc]" Column="TenDangNhap"></ColumnReference></PartitionColumns><RelOp NodeId="11" PhysicalOp="Hash Match" LogicalOp="Inner Join" EstimateRows="2.33075e+006" EstimateIO="0" EstimateCPU="4.53838" AvgRowSize="253" EstimatedTotalSubtreeCost="316.39" Parallel="1" EstimateRebinds="0" EstimateRewinds="0" EstimatedExecutionMode="Row"><OutputList><ColumnReference Database="[ABM_Data_Release]" Schema="[dbo]" Table="[DoanhSoThucChayNhanHangCore]" Alias="[dsc]" Column="NgayThucHien"></ColumnReference><ColumnReference Database="[ABM_Data_Release]" Schema="[dbo]" Table="[DoanhSoThucChayNhanHangCore]" Alias="[dsc]" Column="DmNhanHangREF"></ColumnReference><ColumnReference Database="[ABM_Data_Release]" Schema="[dbo]" Table="[DoanhSoThucChayNhanHangCore]" Alias="[dsc]" Column="HopDongID"></ColumnReference><ColumnReference Database="[ABM_Data_Release]" Schema="[dbo]" Table="[DoanhSoThucChayNhanHangCore]" Alias="[dsc]" Column="SoHopDong"></ColumnReference><ColumnReference Database="[ABM_Data_Release]" Schema="[dbo]" Table="[DoanhSoThucChayNhanHangCore]" Alias="[dsc]" Column="DmNhanVienREF"></ColumnReference><ColumnReference Database="[ABM_Data_Release]" Schema="[dbo]" Table="[DoanhSoThucChayNhanHangCore]" Alias="[dsc]" Column="DmSanPhamREF"></ColumnReference><ColumnReference Database="[ABM_Data_Release]" Schema="[dbo]" Table="[DoanhSoThucChayNhanHangCore]" Alias="[dsc]" Column="ThucThuPhatSinhTrongKy"></ColumnReference><ColumnReference Database="[ABM_Data_Release]" Schema="[dbo]" Table="[DoanhSoThucChayNhanHangCore]" Alias="[dsc]" Column="TenDangNhap"></ColumnReference><ColumnReference Database="[ABM_Data_Release]" Schema="[dbo]" Table="[DoanhSoThucChayNhanHangCore]" Alias="[dsc]" Column="PhongBanREF"></ColumnReference><ColumnReference Database="[ABM_Data_Release]" Schema="[dbo]" Table="[DoanhSoThucChayNhanHangCore]" Alias="[dsc]" Column="BoPhanREF"></ColumnReference><ColumnReference Database="[ABM_Data_Release]" Schema="[dbo]" Table="[DoanhSoThucChayNhanHangCore]" Alias="[dsc]" Column="NhomREF"></ColumnReference><ColumnReference Database="[ABM_Data_Release]" Schema="[dbo]" Table="[DoanhSoThucChayNhanHangCore]" Alias="[dsc]" Column="NgayDanhSo"></ColumnReference><ColumnReference Database="[ABM_Data_Release]" Schema="[dbo]" Table="[DoanhSoThucChayNhanHangCore]" Alias="[dsc]" Column="DmKhachHangREF"></ColumnReference><ColumnReference Database="[ABM_Data_Release]" Schema="[dbo]" Table="[NhanHangPhanLoai]" Alias="[nhpl]" Column="DmNhanHangREF"></ColumnReference><ColumnReference Database="[ABM_Data_Release]" Schema="[dbo]" Table="[NhanHangPhanLoai]" Alias="[nhpl]" Column="LoaiNhanHang"></ColumnReference><ColumnReference Database="[ABM_Data_Release]" Schema="[dbo]" Table="[DmNhanHang]" Alias="[dnh]" Column="DmNhanHangID"></ColumnReference><ColumnReference Database="[ABM_Data_Release]" Schema="[dbo]" Table="[DmNhanHang]" Alias="[dnh]" Column="DmNghanhHangREF"></ColumnReference><ColumnReference Database="[ABM_Data_Release]" Schema="[dbo]" Table="[KhachHangThongTinChung]" Alias="[khttc]" Column="DmHinhThucKhachHangREF"></ColumnReference><ColumnReference Database="[ABM_Data_Release]" Schema="[dbo]" Table="[KhachHangThongTinChung]" Alias="[khttc]" Column="DmLoaiKhachHang"></ColumnReference><ColumnReference Database="[ABM_Data_Release]" Schema="[dbo]" Table="[HopDongChiTiet]" Alias="[hdct]" Column="DmLoaiREF"></ColumnReference></OutputList><MemoryFractions Input="0.209131" Output="0.0478441"></MemoryFractions><Hash><DefinedValues></DefinedValues><HashKeysBuild><ColumnReference Database="[ABM_Data_Release]" Schema="[dbo]" Table="[NhanHangPhanLoai]" Alias="[nhpl]" Column="DmNhanHangREF"></ColumnReference></HashKeysBuild><HashKeysProbe><ColumnReference Database="[ABM_Data_Release]" Schema="[dbo]" Table="[DoanhSoThucChayNhanHangCore]" Alias="[dsc]" Column="DmNhanHangREF"></ColumnReference></HashKeysProbe><ProbeResidual><ScalarOperator ScalarString="[ABM_Data_Release].[dbo].[NhanHangPhanLoai].[DmNhanHangREF] as [nhpl].[DmNhanHangREF]=[ABM_Data_Release].[dbo].[DoanhSoThucChayNhanHangCore].[DmNhanHangREF] as [dsc].[DmNhanHangREF]"><Compare CompareOp="EQ"><ScalarOperator><Identifier><ColumnReference Database="[ABM_Data_Release]" Schema="[dbo]" Table="[NhanHangPhanLoai]" Alias="[nhpl]" Column="DmNhanHangREF"></ColumnReference></Identifier></ScalarOperator><ScalarOperator><Identifier><ColumnReference Database="[ABM_Data_Release]" Schema="[dbo]" Table="[DoanhSoThucChayNhanHangCore]" Alias="[dsc]" Column="DmNhanHangREF"></ColumnReference></Identifier></ScalarOperator></Compare></ScalarOperator></ProbeResidual><RelOp NodeId="12" PhysicalOp="Bitmap" LogicalOp="Bitmap Create" EstimateRows="58333" EstimateIO="0" EstimateCPU="0.0505007" AvgRowSize="13" EstimatedTotalSubtreeCost="1.1178" Parallel="1" EstimateRebinds="0" EstimateRewinds="0" EstimatedExecutionMode="Row"><OutputList><ColumnReference Database="[ABM_Data_Release]" Schema="[dbo]" Table="[NhanHangPhanLoai]" Alias="[nhpl]" Column="DmNhanHangREF"></ColumnReference><ColumnReference Database="[ABM_Data_Release]" Schema="[dbo]" Table="[NhanHangPhanLoai]" Alias="[nhpl]" Column="LoaiNhanHang"></ColumnReference></OutputList><Bitmap><DefinedValues><DefinedValue><ColumnReference Column="Opt_Bitmap1031"></ColumnReference></DefinedValue></DefinedValues><HashKeys><ColumnReference Database="[ABM_Data_Release]" Schema="[dbo]" Table="[NhanHangPhanLoai]" Alias="[nhpl]" Column="DmNhanHangREF"></ColumnReference></HashKeys><RelOp NodeId="13" PhysicalOp="Parallelism" LogicalOp="Repartition Streams" EstimateRows="58333" EstimateIO="0" EstimateCPU="0.0505007" AvgRowSize="13" EstimatedTotalSubtreeCost="1.1178" Parallel="1" EstimateRebinds="0" EstimateRewinds="0" EstimatedExecutionMode="Row"><OutputList><ColumnReference Database="[ABM_Data_Release]" Schema="[dbo]" Table="[NhanHangPhanLoai]" Alias="[nhpl]" Column="DmNhanHangREF"></ColumnReference><ColumnReference Database="[ABM_Data_Release]" Schema="[dbo]" Table="[NhanHangPhanLoai]" Alias="[nhpl]" Column="LoaiNhanHang"></ColumnReference></OutputList><Parallelism PartitioningType="Hash"><PartitionColumns><ColumnReference Database="[ABM_Data_Release]" Schema="[dbo]" Table="[NhanHangPhanLoai]" Alias="[nhpl]" Column="DmNhanHangREF"></ColumnReference></PartitionColumns><RelOp NodeId="14" PhysicalOp="Clustered Index Scan" LogicalOp="Clustered Index Scan" EstimateRows="58333" EstimateIO="1.05572" EstimateCPU="0.00807204" AvgRowSize="15" EstimatedTotalSubtreeCost="1.06379" TableCardinality="58563" Parallel="1" EstimateRebinds="0" EstimateRewinds="0" EstimatedExecutionMode="Row"><OutputList><ColumnReference Database="[ABM_Data_Release]" Schema="[dbo]" Table="[NhanHangPhanLoai]" Alias="[nhpl]" Column="DmNhanHangREF"></ColumnReference><ColumnReference Database="[ABM_Data_Release]" Schema="[dbo]" Table="[NhanHangPhanLoai]" Alias="[nhpl]" Column="LoaiNhanHang"></ColumnReference></OutputList><IndexScan Ordered="0" ForcedIndex="0" ForceScan="0" NoExpandHint="0" Storage="RowStore"><DefinedValues><DefinedValue><ColumnReference Database="[ABM_Data_Release]" Schema="[dbo]" Table="[NhanHangPhanLoai]" Alias="[nhpl]" Column="DmNhanHangREF"></ColumnReference></DefinedValue><DefinedValue><ColumnReference Database="[ABM_Data_Release]" Schema="[dbo]" Table="[NhanHangPhanLoai]" Alias="[nhpl]" Column="LoaiNhanHang"></ColumnReference></DefinedValue></DefinedValues><Object Database="[ABM_Data_Release]" Schema="[dbo]" Table="[NhanHangPhanLoai]" Index="[PK_NhanHangPhanLoai]" Alias="[nhpl]" IndexKind="Clustered" Storage="RowStore"></Object><Predicate><ScalarOperator ScalarString="[ABM_Data_Release].[dbo].[NhanHangPhanLoai].[DeletedStatus] as [nhpl].[DeletedStatus]=(0)"><Compare CompareOp="EQ"><ScalarOperator><Identifier><ColumnReference Database="[ABM_Data_Release]" Schema="[dbo]" Table="[NhanHangPhanLoai]" Alias="[nhpl]" Column="DeletedStatus"></ColumnReference></Identifier></ScalarOperator><ScalarOperator><Const ConstValue="(0)"></Const></ScalarOperator></Compare></ScalarOperator></Predicate></IndexScan></RelOp></Parallelism></RelOp></Bitmap></RelOp><RelOp NodeId="15" PhysicalOp="Parallelism" LogicalOp="Repartition Streams" EstimateRows="2.28547e+006" EstimateIO="0" EstimateCPU="7.71089" AvgRowSize="247" EstimatedTotalSubtreeCost="310.734" Parallel="1" EstimateRebinds="0" EstimateRewinds="0" EstimatedExecutionMode="Row"><OutputList><ColumnReference Database="[ABM_Data_Release]" Schema="[dbo]" Table="[DoanhSoThucChayNhanHangCore]" Alias="[dsc]" Column="NgayThucHien"></ColumnReference><ColumnReference Database="[ABM_Data_Release]" Schema="[dbo]" Table="[DoanhSoThucChayNhanHangCore]" Alias="[dsc]" Column="DmNhanHangREF"></ColumnReference><ColumnReference Database="[ABM_Data_Release]" Schema="[dbo]" Table="[DoanhSoThucChayNhanHangCore]" Alias="[dsc]" Column="HopDongID"></ColumnReference><ColumnReference Database="[ABM_Data_Release]" Schema="[dbo]" Table="[DoanhSoThucChayNhanHangCore]" Alias="[dsc]" Column="SoHopDong"></ColumnReference><ColumnReference Database="[ABM_Data_Release]" Schema="[dbo]" Table="[DoanhSoThucChayNhanHangCore]" Alias="[dsc]" Column="DmNhanVienREF"></ColumnReference><ColumnReference Database="[ABM_Data_Release]" Schema="[dbo]" Table="[DoanhSoThucChayNhanHangCore]" Alias="[dsc]" Column="DmSanPhamREF"></ColumnReference><ColumnReference Database="[ABM_Data_Release]" Schema="[dbo]" Table="[DoanhSoThucChayNhanHangCore]" Alias="[dsc]" Column="ThucThuPhatSinhTrongKy"></ColumnReference><ColumnReference Database="[ABM_Data_Release]" Schema="[dbo]" Table="[DoanhSoThucChayNhanHangCore]" Alias="[dsc]" Column="TenDangNhap"></ColumnReference><ColumnReference Database="[ABM_Data_Release]" Schema="[dbo]" Table="[DoanhSoThucChayNhanHangCore]" Alias="[dsc]" Column="PhongBanREF"></ColumnReference><ColumnReference Database="[ABM_Data_Release]" Schema="[dbo]" Table="[DoanhSoThucChayNhanHangCore]" Alias="[dsc]" Column="BoPhanREF"></ColumnReference><ColumnReference Database="[ABM_Data_Release]" Schema="[dbo]" Table="[DoanhSoThucChayNhanHangCore]" Alias="[dsc]" Column="NhomREF"></ColumnReference><ColumnReference Database="[ABM_Data_Release]" Schema="[dbo]" Table="[DoanhSoThucChayNhanHangCore]" Alias="[dsc]" Column="NgayDanhSo"></ColumnReference><ColumnReference Database="[ABM_Data_Release]" Schema="[dbo]" Table="[DoanhSoThucChayNhanHangCore]" Alias="[dsc]" Column="DmKhachHangREF"></ColumnReference><ColumnReference Database="[ABM_Data_Release]" Schema="[dbo]" Table="[DmNhanHang]" Alias="[dnh]" Column="DmNhanHangID"></ColumnReference><ColumnReference Database="[ABM_Data_Release]" Schema="[dbo]" Table="[DmNhanHang]" Alias="[dnh]" Column="DmNghanhHangREF"></ColumnReference><ColumnReference Database="[ABM_Data_Release]" Schema="[dbo]" Table="[KhachHangThongTinChung]" Alias="[khttc]" Column="DmHinhThucKhachHangREF"></ColumnReference><ColumnReference Database="[ABM_Data_Release]" Schema="[dbo]" Table="[KhachHangThongTinChung]" Alias="[khttc]" Column="DmLoaiKhachHang"></ColumnReference><ColumnReference Database="[ABM_Data_Release]" Schema="[dbo]" Table="[HopDongChiTiet]" Alias="[hdct]" Column="DmLoaiREF"></ColumnReference></OutputList><Parallelism PartitioningType="Hash"><PartitionColumns><ColumnReference Database="[ABM_Data_Release]" Schema="[dbo]" Table="[DoanhSoThucChayNhanHangCore]" Alias="[dsc]" Column="DmNhanHangREF"></ColumnReference></PartitionColumns><RelOp NodeId="16" PhysicalOp="Hash Match" LogicalOp="Inner Join" EstimateRows="2.28547e+006" EstimateIO="0" EstimateCPU="4.41848" AvgRowSize="247" EstimatedTotalSubtreeCost="303.023" Parallel="1" EstimateRebinds="0" EstimateRewinds="0" EstimatedExecutionMode="Row"><OutputList><ColumnReference Database="[ABM_Data_Release]" Schema="[dbo]" Table="[DoanhSoThucChayNhanHangCore]" Alias="[dsc]" Column="NgayThucHien"></ColumnReference><ColumnReference Database="[ABM_Data_Release]" Schema="[dbo]" Table="[DoanhSoThucChayNhanHangCore]" Alias="[dsc]" Column="DmNhanHangREF"></ColumnReference><ColumnReference Database="[ABM_Data_Release]" Schema="[dbo]" Table="[DoanhSoThucChayNhanHangCore]" Alias="[dsc]" Column="HopDongID"></ColumnReference><ColumnReference Database="[ABM_Data_Release]" Schema="[dbo]" Table="[DoanhSoThucChayNhanHangCore]" Alias="[dsc]" Column="SoHopDong"></ColumnReference><ColumnReference Database="[ABM_Data_Release]" Schema="[dbo]" Table="[DoanhSoThucChayNhanHangCore]" Alias="[dsc]" Column="DmNhanVienREF"></ColumnReference><ColumnReference Database="[ABM_Data_Release]" Schema="[dbo]" Table="[DoanhSoThucChayNhanHangCore]" Alias="[dsc]" Column="DmSanPhamREF"></ColumnReference><ColumnReference Database="[ABM_Data_Release]" Schema="[dbo]" Table="[DoanhSoThucChayNhanHangCore]" Alias="[dsc]" Column="ThucThuPhatSinhTrongKy"></ColumnReference><ColumnReference Database="[ABM_Data_Release]" Schema="[dbo]" Table="[DoanhSoThucChayNhanHangCore]" Alias="[dsc]" Column="TenDangNhap"></ColumnReference><ColumnReference Database="[ABM_Data_Release]" Schema="[dbo]" Table="[DoanhSoThucChayNhanHangCore]" Alias="[dsc]" Column="PhongBanREF"></ColumnReference><ColumnReference Database="[ABM_Data_Release]" Schema="[dbo]" Table="[DoanhSoThucChayNhanHangCore]" Alias="[dsc]" Column="BoPhanREF"></ColumnReference><ColumnReference Database="[ABM_Data_Release]" Schema="[dbo]" Table="[DoanhSoThucChayNhanHangCore]" Alias="[dsc]" Column="NhomREF"></ColumnReference><ColumnReference Database="[ABM_Data_Release]" Schema="[dbo]" Table="[DoanhSoThucChayNhanHangCore]" Alias="[dsc]" Column="NgayDanhSo"></ColumnReference><ColumnReference Database="[ABM_Data_Release]" Schema="[dbo]" Table="[DoanhSoThucChayNhanHangCore]" Alias="[dsc]" Column="DmKhachHangREF"></ColumnReference><ColumnReference Database="[ABM_Data_Release]" Schema="[dbo]" Table="[DmNhanHang]" Alias="[dnh]" Column="DmNhanHangID"></ColumnReference><ColumnReference Database="[ABM_Data_Release]" Schema="[dbo]" Table="[DmNhanHang]" Alias="[dnh]" Column="DmNghanhHangREF"></ColumnReference><ColumnReference Database="[ABM_Data_Release]" Schema="[dbo]" Table="[KhachHangThongTinChung]" Alias="[khttc]" Column="DmHinhThucKhachHangREF"></ColumnReference><ColumnReference Database="[ABM_Data_Release]" Schema="[dbo]" Table="[KhachHangThongTinChung]" Alias="[khttc]" Column="DmLoaiKhachHang"></ColumnReference><ColumnReference Database="[ABM_Data_Release]" Schema="[dbo]" Table="[HopDongChiTiet]" Alias="[hdct]" Column="DmLoaiREF"></ColumnReference></OutputList><MemoryFractions Input="0.113295" Output="0.0259193"></MemoryFractions><Hash><DefinedValues></DefinedValues><HashKeysBuild><ColumnReference Database="[ABM_Data_Release]" Schema="[dbo]" Table="[KhachHangThongTinChung]" Alias="[khttc]" Column="KhachHangThongTinChungID"></ColumnReference></HashKeysBuild><HashKeysProbe><ColumnReference Database="[ABM_Data_Release]" Schema="[dbo]" Table="[DoanhSoThucChayNhanHangC