<ShowPlanXML xmlns="http://schemas.microsoft.com/sqlserver/2004/07/showplan" Version="1.5" Build="13.0.1742.0"><BatchSequence><Batch><Statements><StmtSimple StatementText="&#xD;&#xA;CREATE PROCEDURE [dbo].[prc_asd_Document_getByCustomerId] @CustomerId INT&#xD;&#xA;AS&#xD;&#xA;    BEGIN &#xD;&#xA;        SELECT  D.ID ,&#xD;&#xA;                D.GUID_ID ,&#xD;&#xA;                D.NAME [FILE_NAME] ,&#xD;&#xA;                D.CONTRACT_REQUEST_ID [CONTRACT_REQUEST_ID] ,&#xD;&#xA;                D.DOCUMENT_TYPE_ID [DOCUMENT_TYPE_ID] ,&#xD;&#xA;                D.BRAND_ID [BRAND_ID] ,&#xD;&#xA;                D.CUSTOMER_ID ,&#xD;&#xA;                D.[VERSION] ,&#xD;&#xA;                D.DATE_CREATE_DOCUMENT ,&#xD;&#xA;                D.URL_FILE_PATH ,&#xD;&#xA;                D.CREATED_AT ,&#xD;&#xA;                D.CREATED_BY ,&#xD;&#xA;                D.DELETED_STATUS ,&#xD;&#xA;                DT.NAME [DOCUMENT_TYPE_NAME] ,&#xD;&#xA;                DT.CODE ,&#xD;&#xA;                DT.NAME [DOCUMENT_TYPE] ,&#xD;&#xA;                D.NAME [DOCUMENT_NAME] ,&#xD;&#xA;                D.LAST_MODIFIED_AT ,&#xD;&#xA;                D.LAST_MODIFIED_BY ,&#xD;&#xA;                D.CUSTOMER_ID ,&#xD;&#xA;                CONVERT(VARCHAR(10), D.LAST_MODIFIED_AT, 103) [LAST_MODIFIED_AT] ,&#xD;&#xA;                D.LAST_MODIFIED_BY ,&#xD;&#xA;                D.[DOCUMENT_TYPE_ID] ,&#xD;&#xA;                D.[CUSTOMER_REPRESENTATIVE_ID]&#xD;&#xA;        FROM    DOCUMENT_ATTACHS AS D&#xD;&#xA;                INNER JOIN DOCUMENT_TYPES AS DT ON D.DOCUMENT_TYPE_ID = DT.ID&#xD;&#xA;        WHERE   ( DOCUMENT_TYPE_ID &lt;&gt; 8&#xD;&#xA;                  AND D.CUSTOMER_ID = @CustomerId&#xD;&#xA;                  AND D.DELETED_STATUS &lt;&gt; 1&#xD;&#xA;                )&#xD;&#xA;                OR ( DOCUMENT_TYPE_ID = 8--nếu là giấy ủy quyền&#xD;&#xA;                     AND D.ID IN ( SELECT   MAX(ID)&#xD;&#xA;                                   FROM     dbo.DOCUMENT_ATTACHS&#xD;&#xA;                                   WHERE    DOCUMENT_TYPE_ID = 8&#xD;&#xA;                                            AND CUSTOMER_ID = @CustomerId&#xD;&#xA;                                            AND DELETED_STATUS &lt;&gt; 1&#xD;&#xA;                                   GROUP BY CUSTOMER_REPRESENTATIVE_ID )&#xD;&#xA;                   )&#xD;&#xA;        ORDER BY D.ID DESC" StatementId="1" StatementCompId="2" StatementType="SELECT" StatementSqlHandle="0x09002B6DF8C5F1375784D404D99411F6CB190000000000000000000000000000000000000000000000000000" DatabaseContextSettingsId="1" ParentObjectId="1547868581" StatementParameterizationType="0" RetrievedFromCache="true" StatementSubTreeCost="4.86093" StatementEstRows="655.431" SecurityPolicyApplied="false" StatementOptmLevel="FULL" QueryHash="0x20741D0B5FB7247A" QueryPlanHash="0xFB800F758E377223" CardinalityEstimationModelVersion="130"><StatementSetOptions QUOTED_IDENTIFIER="true" ARITHABORT="false" CONCAT_NULL_YIELDS_NULL="true" ANSI_NULLS="true" ANSI_PADDING="true" ANSI_WARNINGS="true" NUMERIC_ROUNDABORT="false" /><QueryPlan CachedPlanSize="88" CompileTime="129" CompileCPU="45" CompileMemory="1344"><Warnings><PlanAffectingConvert ConvertIssue="Cardinality Estimate" Expression="CONVERT(varchar(10),[D].[LAST_MODIFIED_AT],103)" /></Warnings><MemoryGrantInfo SerialRequiredMemory="1536" SerialDesiredMemory="5504" /><OptimizerHardwareDependentProperties EstimatedAvailableMemoryGrant="170726" EstimatedPagesCached="170726" EstimatedAvailableDegreeOfParallelism="8" /><RelOp NodeId="0" PhysicalOp="Sort" LogicalOp="Sort" EstimateRows="655.431" EstimateIO="0.0112613" EstimateCPU="0.00966833" AvgRowSize="1761" EstimatedTotalSubtreeCost="4.86093" Parallel="0" EstimateRebinds="0" EstimateRewinds="0" EstimatedExecutionMode="Row"><OutputList><ColumnReference Database="[CONTRACT]" Schema="[dbo]" Table="[DOCUMENT_ATTACHS]" Alias="[D]" Column="ID" /><ColumnReference Database="[CONTRACT]" Schema="[dbo]" Table="[DOCUMENT_ATTACHS]" Alias="[D]" Column="GUID_ID" /><ColumnReference Database="[CONTRACT]" Schema="[dbo]" Table="[DOCUMENT_ATTACHS]" Alias="[D]" Column="NAME" /><ColumnReference Database="[CONTRACT]" Schema="[dbo]" Table="[DOCUMENT_ATTACHS]" Alias="[D]" Column="URL_FILE_PATH" /><ColumnReference Database="[CONTRACT]" Schema="[dbo]" Table="[DOCUMENT_ATTACHS]" Alias="[D]" Column="VERSION" /><ColumnReference Database="[CONTRACT]" Schema="[dbo]" Table="[DOCUMENT_ATTACHS]" Alias="[D]" Column="DATE_CREATE_DOCUMENT" /><ColumnReference Database="[CONTRACT]" Schema="[dbo]" Table="[DOCUMENT_ATTACHS]" Alias="[D]" Column="CONTRACT_REQUEST_ID" /><ColumnReference Database="[CONTRACT]" Schema="[dbo]" Table="[DOCUMENT_ATTACHS]" Alias="[D]" Column="DOCUMENT_TYPE_ID" /><ColumnReference Database="[CONTRACT]" Schema="[dbo]" Table="[DOCUMENT_ATTACHS]" Alias="[D]" Column="CUSTOMER_ID" /><ColumnReference Database="[CONTRACT]" Schema="[dbo]" Table="[DOCUMENT_ATTACHS]" Alias="[D]" Column="CUSTOMER_REPRESENTATIVE_ID" /><ColumnReference Database="[CONTRACT]" Schema="[dbo]" Table="[DOCUMENT_ATTACHS]" Alias="[D]" Column="BRAND_ID" /><ColumnReference Database="[CONTRACT]" Schema="[dbo]" Table="[DOCUMENT_ATTACHS]" Alias="[D]" Column="CREATED_AT" /><ColumnReference Database="[CONTRACT]" Schema="[dbo]" Table="[DOCUMENT_ATTACHS]" Alias="[D]" Column="CREATED_BY" /><ColumnReference Database="[CONTRACT]" Schema="[dbo]" Table="[DOCUMENT_ATTACHS]" Alias="[D]" Column="LAST_MODIFIED_AT" /><ColumnReference Database="[CONTRACT]" Schema="[dbo]" Table="[DOCUMENT_ATTACHS]" Alias="[D]" Column="LAST_MODIFIED_BY" /><ColumnReference Database="[CONTRACT]" Schema="[dbo]" Table="[DOCUMENT_ATTACHS]" Alias="[D]" Column="DELETED_STATUS" /><ColumnReference Database="[CONTRACT]" Schema="[dbo]" Table="[DOCUMENT_TYPES]" Alias="[DT]" Column="CODE" /><ColumnReference Database="[CONTRACT]" Schema="[dbo]" Table="[DOCUMENT_TYPES]" Alias="[DT]" Column="NAME" /><ColumnReference Column="Expr1005" /></OutputList><MemoryFractions Input="0.584677" Output="1" /><Sort Distinct="0"><OrderBy><OrderByColumn Ascending="0"><ColumnReference Database="[CONTRACT]" Schema="[dbo]" Table="[DOCUMENT_ATTACHS]" Alias="[D]" Column="ID" /></OrderByColumn></OrderBy><RelOp NodeId="1" PhysicalOp="Nested Loops" LogicalOp="Left Semi Join" EstimateRows="655.431" EstimateIO="0" EstimateCPU="0.0027397" AvgRowSize="1761" EstimatedTotalSubtreeCost="4.84" Parallel="0" EstimateRebinds="0" EstimateRewinds="0" EstimatedExecutionMode="Row"><OutputList><ColumnReference Database="[CONTRACT]" Schema="[dbo]" Table="[DOCUMENT_ATTACHS]" Alias="[D]" Column="ID" /><ColumnReference Database="[CONTRACT]" Schema="[dbo]" Table="[DOCUMENT_ATTACHS]" Alias="[D]" Column="GUID_ID" /><ColumnReference Database="[CONTRACT]" Schema="[dbo]" Table="[DOCUMENT_ATTACHS]" Alias="[D]" Column="NAME" /><ColumnReference Database="[CONTRACT]" Schema="[dbo]" Table="[DOCUMENT_ATTACHS]" Alias="[D]" Column="URL_FILE_PATH" /><ColumnReference Database="[CONTRACT]" Schema="[dbo]" Table="[DOCUMENT_ATTACHS]" Alias="[D]" Column="VERSION" /><ColumnReference Database="[CONTRACT]" Schema="[dbo]" Table="[DOCUMENT_ATTACHS]" Alias="[D]" Column="DATE_CREATE_DOCUMENT" /><ColumnReference Database="[CONTRACT]" Schema="[dbo]" Table="[DOCUMENT_ATTACHS]" Alias="[D]" Column="CONTRACT_REQUEST_ID" /><ColumnReference Database="[CONTRACT]" Schema="[dbo]" Table="[DOCUMENT_ATTACHS]" Alias="[D]" Column="DOCUMENT_TYPE_ID" /><ColumnReference Database="[CONTRACT]" Schema="[dbo]" Table="[DOCUMENT_ATTACHS]" Alias="[D]" Column="CUSTOMER_ID" /><ColumnReference Database="[CONTRACT]" Schema="[dbo]" Table="[DOCUMENT_ATTACHS]" Alias="[D]" Column="CUSTOMER_REPRESENTATIVE_ID" /><ColumnReference Database="[CONTRACT]" Schema="[dbo]" Table="[DOCUMENT_ATTACHS]" Alias="[D]" Column="BRAND_ID" /><ColumnReference Database="[CONTRACT]" Schema="[dbo]" Table="[DOCUMENT_ATTACHS]" Alias="[D]" Column="CREATED_AT" /><ColumnReference Database="[CONTRACT]" Schema="[dbo]" Table="[DOCUMENT_ATTACHS]" Alias="[D]" Column="CREATED_BY" /><ColumnReference Database="[CONTRACT]" Schema="[dbo]" Table="[DOCUMENT_ATTACHS]" Alias="[D]" Column="LAST_MODIFIED_AT" /><ColumnReference Database="[CONTRACT]" Schema="[dbo]" Table="[DOCUMENT_ATTACHS]" Alias="[D]" Column="LAST_MODIFIED_BY" /><ColumnReference Database="[CONTRACT]" Schema="[dbo]" Table="[DOCUMENT_ATTACHS]" Alias="[D]" Column="DELETED_STATUS" /><ColumnReference Database="[CONTRACT]" Schema="[dbo]" Table="[DOCUMENT_TYPES]" Alias="[DT]" Column="CODE" /><ColumnReference Database="[CONTRACT]" Schema="[dbo]" Table="[DOCUMENT_TYPES]" Alias="[DT]" Column="NAME" /><ColumnReference Column="Expr1005" /></OutputList><NestedLoops Optimized="0"><OuterReferences><ColumnReference Database="[CONTRACT]" Schema="[dbo]" Table="[DOCUMENT_ATTACHS]" Alias="[D]" Column="ID" /><ColumnReference Database="[CONTRACT]" Schema="[dbo]" Table="[DOCUMENT_ATTACHS]" Alias="[D]" Column="DOCUMENT_TYPE_ID" /><ColumnReference Database="[CONTRACT]" Schema="[dbo]" Table="[DOCUMENT_ATTACHS]" Alias="[D]" Column="CUSTOMER_ID" /><ColumnReference Database="[CONTRACT]" Schema="[dbo]" Table="[DOCUMENT_ATTACHS]" Alias="[D]" Column="DELETED_STATUS" /></OuterReferences><RelOp NodeId="2" PhysicalOp="Merge Join" LogicalOp="Inner Join" EstimateRows="655.431" EstimateIO="0" EstimateCPU="0.0071009" AvgRowSize="1761" EstimatedTotalSubtreeCost="4.83577" Parallel="0" EstimateRebinds="0" EstimateRewinds="0" EstimatedExecutionMode="Row"><OutputList><ColumnReference Database="[CONTRACT]" Schema="[dbo]" Table="[DOCUMENT_ATTACHS]" Alias="[D]" Column="ID" /><ColumnReference Database="[CONTRACT]" Schema="[dbo]" Table="[DOCUMENT_ATTACHS]" Alias="[D]" Column="GUID_ID" /><ColumnReference Database="[CONTRACT]" Schema="[dbo]" Table="[DOCUMENT_ATTACHS]" Alias="[D]" Column="NAME" /><ColumnReference Database="[CONTRACT]" Schema="[dbo]" Table="[DOCUMENT_ATTACHS]" Alias="[D]" Column="URL_FILE_PATH" /><ColumnReference Database="[CONTRACT]" Schema="[dbo]" Table="[DOCUMENT_ATTACHS]" Alias="[D]" Column="VERSION" /><ColumnReference Database="[CONTRACT]" Schema="[dbo]" Table="[DOCUMENT_ATTACHS]" Alias="[D]" Column="DATE_CREATE_DOCUMENT" /><ColumnReference Database="[CONTRACT]" Schema="[dbo]" Table="[DOCUMENT_ATTACHS]" Alias="[D]" Column="CONTRACT_REQUEST_ID" /><ColumnReference Database="[CONTRACT]" Schema="[dbo]" Table="[DOCUMENT_ATTACHS]" Alias="[D]" Column="DOCUMENT_TYPE_ID" /><ColumnReference Database="[CONTRACT]" Schema="[dbo]" Table="[DOCUMENT_ATTACHS]" Alias="[D]" Column="CUSTOMER_ID" /><ColumnReference Database="[CONTRACT]" Schema="[dbo]" Table="[DOCUMENT_ATTACHS]" Alias="[D]" Column="CUSTOMER_REPRESENTATIVE_ID" /><ColumnReference Database="[CONTRACT]" Schema="[dbo]" Table="[DOCUMENT_ATTACHS]" Alias="[D]" Column="BRAND_ID" /><ColumnReference Database="[CONTRACT]" Schema="[dbo]" Table="[DOCUMENT_ATTACHS]" Alias="[D]" Column="CREATED_AT" /><ColumnReference Database="[CONTRACT]" Schema="[dbo]" Table="[DOCUMENT_ATTACHS]" Alias="[D]" Column="CREATED_BY" /><ColumnReference Database="[CONTRACT]" Schema="[dbo]" Table="[DOCUMENT_ATTACHS]" Alias="[D]" Column="LAST_MODIFIED_AT" /><ColumnReference Database="[CONTRACT]" Schema="[dbo]" Table="[DOCUMENT_ATTACHS]" Alias="[D]" Column="LAST_MODIFIED_BY" /><ColumnReference Database="[CONTRACT]" Schema="[dbo]" Table="[DOCUMENT_ATTACHS]" Alias="[D]" Column="DELETED_STATUS" /><ColumnReference Database="[CONTRACT]" Schema="[dbo]" Table="[DOCUMENT_TYPES]" Alias="[DT]" Column="CODE" /><ColumnReference Database="[CONTRACT]" Schema="[dbo]" Table="[DOCUMENT_TYPES]" Alias="[DT]" Column="NAME" /><ColumnReference Column="Expr1005" /></OutputList><Merge ManyToMany="0"><InnerSideJoinColumns><ColumnReference Database="[CONTRACT]" Schema="[dbo]" Table="[DOCUMENT_ATTACHS]" Alias="[D]" Column="DOCUMENT_TYPE_ID" /></InnerSideJoinColumns><OuterSideJoinColumns><ColumnReference Database="[CONTRACT]" Schema="[dbo]" Table="[DOCUMENT_TYPES]" Alias="[DT]" Column="ID" /></OuterSideJoinColumns><Residual><ScalarOperator ScalarString="[CONTRACT].[dbo].[DOCUMENT_TYPES].[ID] as [DT].[ID]=[CONTRACT].[dbo].[DOCUMENT_ATTACHS].[DOCUMENT_TYPE_ID] as [D].[DOCUMENT_TYPE_ID]"><Compare CompareOp="EQ"><ScalarOperator><Identifier><ColumnReference Database="[CONTRACT]" Schema="[dbo]" Table="[DOCUMENT_TYPES]" Alias="[DT]" Column="ID" /></Identifier></ScalarOperator><ScalarOperator><Identifier><ColumnReference Database="[CONTRACT]" Schema="[dbo]" Table="[DOCUMENT_ATTACHS]" Alias="[D]" Column="DOCUMENT_TYPE_ID" /></Identifier></ScalarOperator></Compare></ScalarOperator></Residual><RelOp NodeId="3" PhysicalOp="Clustered Index Scan" LogicalOp="Clustered Index Scan" EstimateRows="28" EstimateIO="0.003125" EstimateCPU="0.0001878" AvgRowSize="567" EstimatedTotalSubtreeCost="0.0033128" TableCardinality="28" Parallel="0" EstimateRebinds="0" EstimateRewinds="0" EstimatedExecutionMode="Row"><OutputList><ColumnReference Database="[CONTRACT]" Schema="[dbo]" Table="[DOCUMENT_TYPES]" Alias="[DT]" Column="ID" /><ColumnReference Database="[CONTRACT]" Schema="[dbo]" Table="[DOCUMENT_TYPES]" Alias="[DT]" Column="CODE" /><ColumnReference Database="[CONTRACT]" Schema="[dbo]" Table="[DOCUMENT_TYPES]" Alias="[DT]" Column="NAME" /></OutputList><IndexScan Ordered="1" ScanDirection="FORWARD" ForcedIndex="0" ForceSeek="0" ForceScan="0" NoExpandHint="0" Storage="RowStore"><DefinedValues><DefinedValue><ColumnReference Database="[CONTRACT]" Schema="[dbo]" Table="[DOCUMENT_TYPES]" Alias="[DT]" Column="ID" /></DefinedValue><DefinedValue><ColumnReference Database="[CONTRACT]" Schema="[dbo]" Table="[DOCUMENT_TYPES]" Alias="[DT]" Column="CODE" /></DefinedValue><DefinedValue><ColumnReference Database="[CONTRACT]" Schema="[dbo]" Table="[DOCUMENT_TYPES]" Alias="[DT]" Column="NAME" /></DefinedValue></DefinedValues><Object Database="[CONTRACT]" Schema="[dbo]" Table="[DOCUMENT_TYPES]" Index="[PK_DOCUMENT_TYPE]" Alias="[DT]" IndexKind="Clustered" Storage="RowStore" /></IndexScan></RelOp><RelOp NodeId="4" PhysicalOp="Sort" LogicalOp="Sort" EstimateRows="655.503" EstimateIO="0.0112613" EstimateCPU="0.00966898" AvgRowSize="1207" EstimatedTotalSubtreeCost="4.82535" Parallel="0" EstimateRebinds="0" EstimateRewinds="0" EstimatedExecutionMode="Row"><OutputList><ColumnReference Database="[CONTRACT]" Schema="[dbo]" Table="[DOCUMENT_ATTACHS]" Alias="[D]" Column="ID" /><ColumnReference Database="[CONTRACT]" Schema="[dbo]" Table="[DOCUMENT_ATTACHS]" Alias="[D]" Column="GUID_ID" /><ColumnReference Database="[CONTRACT]" Schema="[dbo]" Table="[DOCUMENT_ATTACHS]" Alias="[D]" Column="NAME" /><ColumnReference Database="[CONTRACT]" Schema="[dbo]" Table="[DOCUMENT_ATTACHS]" Alias="[D]" Column="URL_FILE_PATH" /><ColumnReference Database="[CONTRACT]" Schema="[dbo]" Table="[DOCUMENT_ATTACHS]" Alias="[D]" Column="VERSION" /><ColumnReference Database="[CONTRACT]" Schema="[dbo]" Table="[DOCUMENT_ATTACHS]" Alias="[D]" Column="DATE_CREATE_DOCUMENT" /><ColumnReference Database="[CONTRACT]" Schema="[dbo]" Table="[DOCUMENT_ATTACHS]" Alias="[D]" Column="CONTRACT_REQUEST_ID" /><ColumnReference Database="[CONTRACT]" Schema="[dbo]" Table="[DOCUMENT_ATTACHS]" Alias="[D]" Column="DOCUMENT_TYPE_ID" /><ColumnReference Database="[CONTRACT]" Schema="[dbo]" Table="[DOCUMENT_ATTACHS]" Alias="[D]" Column="CUSTOMER_ID" /><ColumnReference Database="[CONTRACT]" Schema="[dbo]" Table="[DOCUMENT_ATTACHS]" Alias="[D]" Column="CUSTOMER_REPRESENTATIVE_ID" /><ColumnReference Database="[CONTRACT]" Schema="[dbo]" Table="[DOCUMENT_ATTACHS]" Alias="[D]" Column="BRAND_ID" /><ColumnReference Database="[CONTRACT]" Schema="[dbo]" Table="[DOCUMENT_ATTACHS]" Alias="[D]" Column="CREATED_AT" /><ColumnReference Database="[CONTRACT]" Schema="[dbo]" Table="[DOCUMENT_ATTACHS]" Alias="[D]" Column="CREATED_BY" /><ColumnReference Database="[CONTRACT]" Schema="[dbo]" Table="[DOCUMENT_ATTACHS]" Alias="[D]" Column="LAST_MODIFIED_AT" /><ColumnReference Database="[CONTRACT]" Schema="[dbo]" Table="[DOCUMENT_ATTACHS]" Alias="[D]" Column="LAST_MODIFIED_BY" /><ColumnReference Database="[CONTRACT]" Schema="[dbo]" Table="[DOCUMENT_ATTACHS]" Alias="[D]" Column="DELETED_STATUS" /><ColumnReference Column="Expr1005" /></OutputList><MemoryFractions Input="0.407258" Output="0.407258" /><Sort Distinct="0"><OrderBy><OrderByColumn Ascending="1"><ColumnReference Database="[CONTRACT]" Schema="[dbo]" Table="[DOCUMENT_ATTACHS]" Alias="[D]" Column="DOCUMENT_TYPE_ID" /></OrderByColumn></OrderBy><RelOp NodeId="5" PhysicalOp="Compute Scalar" LogicalOp="Compute Scalar" EstimateRows="655.503" EstimateIO="0" EstimateCPU="6.55503e-005" AvgRowSize="1207" EstimatedTotalSubtreeCost="4.80442" Parallel="0" EstimateRebinds="0" EstimateRewinds="0" EstimatedExecutionMode="Row"><OutputList><ColumnReference Database="[CONTRACT]" Schema="[dbo]" Table="[DOCUMENT_ATTACHS]" Alias="[D]" Column="ID" /><ColumnReference Database="[CONTRACT]" Schema="[dbo]" Table="[DOCUMENT_ATTACHS]" Alias="[D]" Column="GUID_ID" /><ColumnReference Database="[CONTRACT]" Schema="[dbo]" Table="[DOCUMENT_ATTACHS]" Alias="[D]" Column="NAME" /><ColumnReference Database="[CONTRACT]" Schema="[dbo]" Table="[DOCUMENT_ATTACHS]" Alias="[D]" Column="URL_FILE_PATH" /><ColumnReference Database="[CONTRACT]" Schema="[dbo]" Table="[DOCUMENT_ATTACHS]" Alias="[D]" Column="VERSION" /><ColumnReference Database="[CONTRACT]" Schema="[dbo]" Table="[DOCUMENT_ATTACHS]" Alias="[D]" Column="DATE_CREATE_DOCUMENT" /><ColumnReference Database="[CONTRACT]" Schema="[dbo]" Table="[DOCUMENT_ATTACHS]" Alias="[D]" Column="CONTRACT_REQUEST_ID" /><ColumnReference Database="[CONTRACT]" Schema="[dbo]" Table="[DOCUMENT_ATTACHS]" Alias="[D]" Column="DOCUMENT_TYPE_ID" /><ColumnReference Database="[CONTRACT]" Schema="[dbo]" Table="[DOCUMENT_ATTACHS]" Alias="[D]" Column="CUSTOMER_ID" /><ColumnReference Database="[CONTRACT]" Schema="[dbo]" Table="[DOCUMENT_ATTACHS]" Alias="[D]" Column="CUSTOMER_REPRESENTATIVE_ID" /><ColumnReference Database="[CONTRACT]" Schema="[dbo]" Table="[DOCUMENT_ATTACHS]" Alias="[D]" Column="BRAND_ID" /><ColumnReference Database="[CONTRACT]" Schema="[dbo]" Table="[DOCUMENT_ATTACHS]" Alias="[D]" Column="CREATED_AT" /><ColumnReference Database="[CONTRACT]" Schema="[dbo]" Table="[DOCUMENT_ATTACHS]" Alias="[D]" Column="CREATED_BY" /><ColumnReference Database="[CONTRACT]" Schema="[dbo]" Table="[DOCUMENT_ATTACHS]" Alias="[D]" Column="LAST_MODIFIED_AT" /><ColumnReference Database="[CONTRACT]" Schema="[dbo]" Table="[DOCUMENT_ATTACHS]" Alias="[D]" Column="LAST_MODIFIED_BY" /><ColumnReference Database="[CONTRACT]" Schema="[dbo]" Table="[DOCUMENT_ATTACHS]" Alias="[D]" Column="DELETED_STATUS" /><ColumnReference Column="Expr1005" /></OutputList><ComputeScalar><DefinedValues><DefinedValue><ColumnReference Column="Expr1005" /><ScalarOperator ScalarString="CONVERT(varchar(10),[CONTRACT].[dbo].[DOCUMENT_ATTACHS].[LAST_MODIFIED_AT] as [D].[LAST_MODIFIED_AT],103)"><Convert DataType="varchar" Length="10" Style="103" Implicit="0"><ScalarOperator><Identifier><ColumnReference Database="[CONTRACT]" Schema="[dbo]" Table="[DOCUMENT_ATTACHS]" Alias="[D]" Column="LAST_MODIFIED_AT" /></Identifier></ScalarOperator></Convert></ScalarOperator></DefinedValue></DefinedValues><RelOp NodeId="6" PhysicalOp="Clustered Index Scan" LogicalOp="Clustered Index Scan" EstimateRows="655.503" EstimateIO="4.51275" EstimateCPU="0.11978" AvgRowSize="1199" EstimatedTotalSubtreeCost="4.63253" TableCardinality="108748" Parallel="0" EstimateRebinds="0" EstimateRewinds="0" EstimatedExecutionMode="Row"><OutputList><ColumnReference Database="[CONTRACT]" Schema="[dbo]" Table="[DOCUMENT_ATTACHS]" Alias="[D]" Column="ID" /><ColumnReference Database="[CONTRACT]" Schema="[dbo]" Table="[DOCUMENT_ATTACHS]" Alias="[D]" Column="GUID_ID" /><ColumnReference Database="[CONTRACT]" Schema="[dbo]" Table="[DOCUMENT_ATTACHS]" Alias="[D]" Column="NAME" /><ColumnReference Database="[CONTRACT]" Schema="[dbo]" Table="[DOCUMENT_ATTACHS]" Alias="[D]" Column="URL_FILE_PATH" /><ColumnReference Database="[CONTRACT]" Schema="[dbo]" Table="[DOCUMENT_ATTACHS]" Alias="[D]" Column="VERSION" /><ColumnReference Database="[CONTRACT]" Schema="[dbo]" Table="[DOCUMENT_ATTACHS]" Alias="[D]" Column="DATE_CREATE_DOCUMENT" /><ColumnReference Database="[CONTRACT]" Schema="[dbo]" Table="[DOCUMENT_ATTACHS]" Alias="[D]" Column="CONTRACT_REQUEST_ID" /><ColumnReference Database="[CONTRACT]" Schema="[dbo]" Table="[DOCUMENT_ATTACHS]" Alias="[D]" Column="DOCUMENT_TYPE_ID" /><ColumnReference Database="[CONTRACT]" Schema="[dbo]" Table="[DOCUMENT_ATTACHS]" Alias="[D]" Column="CUSTOMER_ID" /><ColumnReference Database="[CONTRACT]" Schema="[dbo]" Table="[DOCUMENT_ATTACHS]" Alias="[D]" Column="CUSTOMER_REPRESENTATIVE_ID" /><ColumnReference Database="[CONTRACT]" Schema="[dbo]" Table="[DOCUMENT_ATTACHS]" Alias="[D]" Column="BRAND_ID" /><ColumnReference Database="[CONTRACT]" Schema="[dbo]" Table="[DOCUMENT_ATTACHS]" Alias="[D]" Column="CREATED_AT" /><ColumnReference Database="[CONTRACT]" Schema="[dbo]" Table="[DOCUMENT_ATTACHS]" Alias="[D]" Column="CREATED_BY" /><ColumnReference Database="[CONTRACT]" Schema="[dbo]" Table="[DOCUMENT_ATTACHS]" Alias="[D]" Column="LAST_MODIFIED_AT" /><ColumnReference Database="[CONTRACT]" Schema="[dbo]" Table="[DOCUMENT_ATTACHS]" Alias="[D]" Column="LAST_MODIFIED_BY" /><ColumnReference Database="[CONTRACT]" Schema="[dbo]" Table="[DOCUMENT_ATTACHS]" Alias="[D]" Column="DELETED_STATUS" /></OutputList><IndexScan Ordered="0" ForcedIndex="0" ForceScan="0" NoExpandHint="0" Storage="RowStore"><DefinedValues><DefinedValue><ColumnReference Database="[CONTRACT]" Schema="[dbo]" Table="[DOCUMENT_ATTACHS]" Alias="[D]" Column="ID" /></DefinedValue><DefinedValue><ColumnReference Database="[CONTRACT]" Schema="[dbo]" Table="[DOCUMENT_ATTACHS]" Alias="[D]" Column="GUID_ID" /></DefinedValue><DefinedValue><ColumnReference Database="[CONTRACT]" Schema="[dbo]" Table="[DOCUMENT_ATTACHS]" Alias="[D]" Column="NAME" /></DefinedValue><DefinedValue><ColumnReference Database="[CONTRACT]" Schema="[dbo]" Table="[DOCUMENT_ATTACHS]" Alias="[D]" Column="URL_FILE_PATH" /></DefinedValue><DefinedValue><ColumnReference Database="[CONTRACT]" Schema="[dbo]" Table="[DOCUMENT_ATTACHS]" Alias="[D]" Column="VERSION" /></DefinedValue><DefinedValue><ColumnReference Database="[CONTRACT]" Schema="[dbo]" Table="[DOCUMENT_ATTACHS]" Alias="[D]" Column="DATE_CREATE_DOCUMENT" /></DefinedValue><DefinedValue><ColumnReference Database="[CONTRACT]" Schema="[dbo]" Table="[DOCUMENT_ATTACHS]" Alias="[D]" Column="CONTRACT_REQUEST_ID" /></DefinedValue><DefinedValue><ColumnReference Database="[CONTRACT]" Schema="[dbo]" Table="[DOCUMENT_ATTACHS]" Alias="[D]" Column="DOCUMENT_TYPE_ID" /></DefinedValue><DefinedValue><ColumnReference Database="[CONTRACT]" Schema="[dbo]" Table="[DOCUMENT_ATTACHS]" Alias="[D]" Column="CUSTOMER_ID" /></DefinedValue><DefinedValue><ColumnReference Database="[CONTRACT]" Schema="[dbo]" Table="[DOCUMENT_ATTACHS]" Alias="[D]" Column="CUSTOMER_REPRESENTATIVE_ID" /></DefinedValue><DefinedValue><ColumnReference Database="[CONTRACT]" Schema="[dbo]" Table="[DOCUMENT_ATTACHS]" Alias="[D]" Column="BRAND_ID" /></DefinedValue><DefinedValue><ColumnReference Database="[CONTRACT]" Schema="[dbo]" Table="[DOCUMENT_ATTACHS]" Alias="[D]" Column="CREATED_AT" /></DefinedValue><DefinedValue><ColumnReference Database="[CONTRACT]" Schema="[dbo]" Table="[DOCUMENT_ATTACHS]" Alias="[D]" Column="CREATED_BY" /></DefinedValue><DefinedValue><ColumnReference Database="[CONTRACT]" Schema="[dbo]" Table="[DOCUMENT_ATTACHS]" Alias="[D]" Column="LAST_MODIFIED_AT" /></DefinedValue><DefinedValue><ColumnReference Database="[CONTRACT]" Schema="[dbo]" Table="[DOCUMENT_ATTACHS]" Alias="[D]" Column="LAST_MODIFIED_BY" /></DefinedValue><DefinedValue><ColumnReference Database="[CONTRACT]" Schema="[dbo]" Table="[DOCUMENT_ATTACHS]" Alias="[D]" Column="DELETED_STATUS" /></DefinedValue></DefinedValues><Object Database="[CONTRACT]" Schema="[dbo]" Table="[DOCUMENT_ATTACHS]" Index="[PK_DOCUMENT_ATTACH]" Alias="[D]" IndexKind="Clustered" Storage="RowStore" /><Predicate><ScalarOperator ScalarString="[CONTRACT].[dbo].[DOCUMENT_ATTACHS].[DOCUMENT_TYPE_ID] as [D].[DOCUMENT_TYPE_ID]&lt;&gt;(8) AND [CONTRACT].[dbo].[DOCUMENT_ATTACHS].[CUSTOMER_ID] as [D].[CUSTOMER_ID]=[@CustomerId] AND [CONTRACT].[dbo].[DOCUMENT_ATTACHS].[DELETED_STATUS] as [D].[DELETED_STATUS]&lt;&gt;(1) OR [CONTRACT].[dbo].[DOCUMENT_ATTACHS].[DOCUMENT_TYPE_ID] as [D].[DOCUMENT_TYPE_ID]=(8)"><Logical Operation="OR"><ScalarOperator><Logical Operation="AND"><ScalarOperator><Compare CompareOp="NE"><ScalarOperator><Identifier><ColumnReference Database="[CONTRACT]" Schema="[dbo]" Table="[DOCUMENT_ATTACHS]" Alias="[D]" Column="DOCUMENT_TYPE_ID" /></Identifier></ScalarOperator><ScalarOperator><Const ConstValue="(8)" /></ScalarOperator></Compare></ScalarOperator><ScalarOperator><Compare CompareOp="EQ"><ScalarOperator><Identifier><ColumnReference Database="[CONTRACT]" Schema="[dbo]" Table="[DOCUMENT_ATTACHS]" Alias="[D]" Column="CUSTOMER_ID" /></Identifier></ScalarOperator><ScalarOperator><Identifier><ColumnReference Column="@CustomerId" /></Identifier></ScalarOperator></Compare></ScalarOperator><ScalarOperator><Compare CompareOp="NE"><ScalarOperator><Identifier><ColumnReference Database="[CONTRACT]" Schema="[dbo]" Table="[DOCUMENT_ATTACHS]" Alias="[D]" Column="DELETED_STATUS" /></Identifier></ScalarOperator><ScalarOperator><Const ConstValue="(1)" /></ScalarOperator></Compare></ScalarOperator></Logical></ScalarOperator><ScalarOperator><Compare CompareOp="EQ"><ScalarOperator><Identifier><ColumnReference Database="[CONTRACT]" Schema="[dbo]" Table="[DOCUMENT_ATTACHS]" Alias="[D]" Column="DOCUMENT_TYPE_ID" /></Identifier></ScalarOperator><ScalarOperator><Const ConstValue="(8)" /></ScalarOperator></Compare></ScalarOperator></Logical></ScalarOperator></Predicate></IndexScan></RelOp></ComputeScalar></RelOp></Sort></RelOp></Merge></RelOp><RelOp NodeId="11" PhysicalOp="Concatenation" LogicalOp="Concatenation" EstimateRows="1" EstimateIO="0" EstimateCPU="2e-007" AvgRowSize="9" EstimatedTotalSubtreeCost="0.00149454" Parallel="0" EstimateRebinds="654.431" EstimateRewinds="0" EstimatedExecutionMode="Row"><OutputList /><Concat><DefinedValues /><RelOp NodeId="12" PhysicalOp="Filter" LogicalOp="Filter" EstimateRows="1" EstimateIO="0" EstimateCPU="1.18e-006" AvgRowSize="9" EstimatedTotalSubtreeCost="0.001429" Parallel="0" EstimateRebinds="654.431" EstimateRewinds="0" EstimatedExecutionMode="Row"><OutputList /><Filter StartupExpression="1"><RelOp NodeId="13" PhysicalOp="Constant Scan" LogicalOp="Constant Scan" EstimateRows="1" EstimateIO="0" EstimateCPU="1.157e-006" AvgRowSize="9" EstimatedTotalSubtreeCost="0.000655588" Parallel="0" EstimateRebinds="0" EstimateRewinds="654.431" EstimatedExecutionMode="Row"><OutputList /><ConstantScan /></RelOp><Predicate><ScalarOperator ScalarString="[CONTRACT].[dbo].[DOCUMENT_ATTACHS].[DOCUMENT_TYPE_ID] as [D].[DOCUMENT_TYPE_ID]&lt;&gt;(8) AND [CONTRACT].[dbo].[DOCUMENT_ATTACHS].[CUSTOMER_ID] as [D].[CUSTOMER_ID]=[@CustomerId] AND [CONTRACT].[dbo].[DOCUMENT_ATTACHS].[DELETED_STATUS] as [D].[DELETED_STATUS]&lt;&gt;(1)"><Logical Operation="AND"><ScalarOperator><Compare CompareOp="NE"><ScalarOperator><Identifier><ColumnReference Database="[CONTRACT]" Schema="[dbo]" Table="[DOCUMENT_ATTACHS]" Alias="[D]" Column="DOCUMENT_TYPE_ID" /></Identifier></ScalarOperator><ScalarOperator><Const ConstValue="(8)" /></ScalarOperator></Compare></ScalarOperator><ScalarOperator><Compare CompareOp="EQ"><ScalarOperator><Identifier><ColumnReference Database="[CONTRACT]" Schema="[dbo]" Table="[DOCUMENT_ATTACHS]" Alias="[D]" Column="CUSTOMER_ID" /></Identifier></ScalarOperator><ScalarOperator><Identifier><ColumnReference Column="@CustomerId" /></Identifier></ScalarOperator></Compare></ScalarOperator><ScalarOperator><Compare CompareOp="NE"><ScalarOperator><Identifier><ColumnReference Database="[CONTRACT]" Schema="[dbo]" Table="[DOCUMENT_ATTACHS]" Alias="[D]" Column="DELETED_STATUS" /></Identifier></ScalarOperator><ScalarOperator><Const ConstValue="(1)" /></ScalarOperator></Compare></ScalarOperator></Logical></ScalarOperator></Predicate></Filter></RelOp><RelOp NodeId="15" PhysicalOp="Filter" LogicalOp="Filter" EstimateRows="1" EstimateIO="0" EstimateCPU="9.3073e-007" AvgRowSize="9" EstimatedTotalSubtreeCost="4.86093" Parallel="0" EstimateRebinds="654.431" EstimateRewinds="0" EstimatedExecutionMode="Row"><OutputList /><Filter StartupExpression="0"><RelOp NodeId="16" PhysicalOp="Stream Aggregate" LogicalOp="Aggregate" EstimateRows="1.93902" EstimateIO="0" EstimateCPU="5.04322e-006" AvgRowSize="11" EstimatedTotalSubtreeCost="4.86093" Parallel="0" EstimateRebinds="654.431" EstimateRewinds="0" EstimatedExecutionMode="Row"><OutputList><ColumnReference Column="Expr1004" /></OutputList><StreamAggregate><DefinedValues><DefinedValue><ColumnReference Column="Expr1004" /><ScalarOperator ScalarString="MAX([CONTRACT].[dbo].[DOCUMENT_ATTACHS].[ID])"><Aggregate Distinct="0" AggType="MAX"><ScalarOperator><Identifier><ColumnReference Database="[CONTRACT]" Schema="[dbo]" Table="[DOCUMENT_ATTACHS]" Column="ID" /></Identifier></ScalarOperator></Aggregate></ScalarOperator></DefinedValue></DefinedValues><GroupBy><ColumnReference Database="[CONTRACT]" Schema="[dbo]" Table="[DOCUMENT_ATTACHS]" Column="CUSTOMER_REPRESENTATIVE_ID" /></GroupBy><RelOp NodeId="17" PhysicalOp="Sort" LogicalOp="Sort" EstimateRows="6.7895" EstimateIO="0.0112613" EstimateCPU="0.000129283" AvgRowSize="15" EstimatedTotalSubtreeCost="4.86093" Parallel="0" EstimateRebinds="654.431" EstimateRewinds="0" EstimatedExecutionMode="Row"><OutputList><ColumnReference Database="[CONTRACT]" Schema="[dbo]" Table="[DOCUMENT_ATTACHS]" Column="ID" /><ColumnReference Database="[CONTRACT]" Schema="[dbo]" Table="[DOCUMENT_ATTACHS]" Column="CUSTOMER_REPRESENTATIVE_ID" /></OutputList><MemoryFractions Input="0.00806452" Output="0.00806452" /><Sort Distinct="0"><OrderBy><OrderByColumn Ascending="1"><ColumnReference Database="[CONTRACT]" Schema="[dbo]" Table="[DOCUMENT_ATTACHS]" Column="CUSTOMER_REPRESENTATIVE_ID" /></OrderByColumn></OrderBy><RelOp NodeId="18" PhysicalOp="Filter" LogicalOp="Filter" EstimateRows="6.78951" EstimateIO="0" EstimateCPU="1.0639e-005" AvgRowSize="15" EstimatedTotalSubtreeCost="4.86093" Parallel="0" EstimateRebinds="654.431" EstimateRewinds="0" EstimatedExecutionMode="Row"><OutputList><ColumnReference Database="[CONTRACT]" Schema="[dbo]" Table="[DOCUMENT_ATTACHS]" Column="ID" /><ColumnReference Database="[CONTRACT]" Schema="[dbo]" Table="[DOCUMENT_ATTACHS]" Column="CUSTOMER_REPRESENTATIVE_ID" /></OutputList><Filter StartupExpression="0"><RelOp NodeId="19" PhysicalOp="Index Spool" LogicalOp="Eager Spool" EstimateRows="12.0898" EstimateIO="3.01988" EstimateCPU="0.109018" AvgRowSize="17" EstimatedTotalSubtreeCost="4.86093" Parallel="0" EstimateRebinds="0" EstimateRewinds="654.431" EstimatedExecutionMode="Row"><OutputList><ColumnReference Database="[CONTRACT]" Schema="[dbo]" Table="[DOCUMENT_ATTACHS]" Column="ID" /><ColumnReference Database="[CONTRACT]" Schema="[dbo]" Table="[DOCUMENT_ATTACHS]" Column="CUSTOMER_REPRESENTATIVE_ID" /><ColumnReference Database="[CONTRACT]" Schema="[dbo]" Table="[DOCUMENT_ATTACHS]" Column="DELETED_STATUS" /></OutputList><Spool><SeekPredicateNew><SeekKeys><Prefix ScanType="EQ"><RangeColumns><ColumnReference Database="[CONTRACT]" Schema="[dbo]" Table="[DOCUMENT_ATTACHS]" Column="CUSTOMER_ID" /><ColumnReference Database="[CONTRACT]" Schema="[dbo]" Table="[DOCUMENT_ATTACHS]" Column="DOCUMENT_TYPE_ID" /></RangeColumns><RangeExpressions><ScalarOperator ScalarString="[@CustomerId]"><Identifier><ColumnReference Column="@CustomerId" /></Identifier></ScalarOperator><ScalarOperator ScalarString="(8)"><Const ConstValue="(8)" /></ScalarOperator></RangeExpressions></Prefix></SeekKeys></SeekPredicateNew><RelOp NodeId="20" PhysicalOp="Clustered Index Scan" LogicalOp="Clustered Index Scan" EstimateRows="108748" EstimateIO="4.51275" EstimateCPU="0.11978" AvgRowSize="25" EstimatedTotalSubtreeCost="4.63253" TableCardinality="108748" Parallel="0" EstimateRebinds="0" EstimateRewinds="0" EstimatedExecutionMode="Row"><OutputList><ColumnReference Database="[CONTRACT]" Schema="[dbo]" Table="[DOCUMENT_ATTACHS]" Column="ID" /><ColumnReference Database="[CONTRACT]" Schema="[dbo]" Table="[DOCUMENT_ATTACHS]" Column="DOCUMENT_TYPE_ID" /><ColumnReference Database="[CONTRACT]" Schema="[dbo]" Table="[DOCUMENT_ATTACHS]" Column="CUSTOMER_ID" /><ColumnReference Database="[CONTRACT]" Schema="[dbo]" Table="[DOCUMENT_ATTACHS]" Column="CUSTOMER_REPRESENTATIVE_ID" /><ColumnReference Database="[CONTRACT]" Schema="[dbo]" Table="[DOCUMENT_ATTACHS]" Column="DELETED_STATUS" /></OutputList><IndexScan Ordered="0" ForcedIndex="0" ForceScan="0" NoExpandHint="0" Storage="RowStore"><DefinedValues><DefinedValue><ColumnReference Database="[CONTRACT]" Schema="[dbo]" Table="[DOCUMENT_ATTACHS]" Column="ID" /></DefinedValue><DefinedValue><ColumnReference Database="[CONTRACT]" Schema="[dbo]" Table="[DOCUMENT_ATTACHS]" Column="DOCUMENT_TYPE_ID" /></DefinedValue><DefinedValue><ColumnReference Database="[CONTRACT]" Schema="[dbo]" Table="[DOCUMENT_ATTACHS]" Column="CUSTOMER_ID" /></DefinedValue><DefinedValue><ColumnReference Database="[CONTRACT]" Schema="[dbo]" Table="[DOCUMENT_ATTACHS]" Column="CUSTOMER_REPRESENTATIVE_ID" /></DefinedValue><DefinedValue><ColumnReference Database="[CONTRACT]" Schema="[dbo]" Table="[DOCUMENT_ATTACHS]" Column="DELETED_STATUS" /></DefinedValue></DefinedValues><Object Database="[CONTRACT]" Schema="[dbo]" Table="[DOCUMENT_ATTACHS]" Index="[PK_DOCUMENT_ATTACH]" IndexKind="Clustered" Storage="RowStore" /></IndexScan></RelOp></Spool></RelOp><Predicate><ScalarOperator ScalarString="[CONTRACT].[dbo].[DOCUMENT_ATTACHS].[DOCUMENT_TYPE_ID] as [D].[DOCUMENT_TYPE_ID]=(8) AND [CONTRACT].[dbo].[DOCUMENT_ATTACHS].[DELETED_STATUS]&lt;&gt;(1)"><Logical Operation="AND"><ScalarOperator><Compare CompareOp="EQ"><ScalarOperator><Identifier><ColumnReference Database="[CONTRACT]" Schema="[dbo]" Table="[DOCUMENT_ATTACHS]" Alias="[D]" Column="DOCUMENT_TYPE_ID" /></Identifier></ScalarOperator><ScalarOperator><Const ConstValue="(8)" /></ScalarOperator></Compare></ScalarOperator><ScalarOperator><Compare CompareOp="NE"><ScalarOperator><Identifier><ColumnReference Database="[CONTRACT]" Schema="[dbo]" Table="[DOCUMENT_ATTACHS]" Column="DELETED_STATUS" /></Identifier></ScalarOperator><ScalarOperator><Const ConstValue="(1)" /></ScalarOperator></Compare></ScalarOperator></Logical></ScalarOperator></Predicate></Filter></RelOp></Sort></RelOp></StreamAggregate></RelOp><Predicate><ScalarOperator ScalarString="[CONTRACT].[dbo].[DOCUMENT_ATTACHS].[ID] as [D].[ID]=[Expr1004]"><Compare CompareOp="EQ"><ScalarOperator><Identifier><ColumnReference Database="[CONTRACT]" Schema="[dbo]" Table="[DOCUMENT_ATTACHS]" Alias="[D]" Column="ID" /></Identifier></ScalarOperator><ScalarOperator><Identifier><ColumnReference Column="Expr1004" /></Identifier></ScalarOperator></Compare></ScalarOperator></Predicate></Filter></RelOp></Concat></RelOp></NestedLoops></RelOp></Sort></RelOp><ParameterList><ColumnReference Column="@CustomerId" ParameterCompiledValue="(501676)" /></ParameterList></QueryPlan></StmtSimple></Statements></Batch></BatchSequence></ShowPlanXML>